Build started 3/4/2012 4:27:37 PM.
     1>Project "C:\RevoCore\LATEST BUILD\dep\zlib\zlib.vcxproj" on node 4 (build target(s)).
     1>InitializeBuildStatus:
         Creating "zlib.dir\Release\zlib.unsuccessfulbuild" because "AlwaysCreate" was specified.
       CustomBuild:
         All outputs are up-to-date.
         Building Custom Rule C:/RevoCore/dep/zlib/CMakeLists.txt
         CMake does not need to re-run because C:\RevoCore\LATEST BUILD\dep\zlib\CMakeFiles\generate.stamp is up-to-date.
       ClCompile:
         All outputs are up-to-date.
         C:\Program Files (x86)\Microsoft Visual Studio 10.0\VC\bin\CL.exe /c /IC:/RevoCore/dep/zlib /nologo /W0 /WX- /O2 /Ob2 /Oy- /D WIN32 /D _WINDOWS /D NDEBUG /D "_BUILD_DIRECTIVE=\"Release\"" /D _CRT_SECURE_CPP_OVERLOAD_STANDARD_NAMES /D _CRT_SECURE_NO_WARNINGS /D _CRT_NONSTDC_NO_WARNINGS /D SCRIPTS /D "CMAKE_INTDIR=\"Release\"" /D _MBCS /Gm- /MD /GS /fp:precise /Zc:wchar_t /Zc:forScope /Fo"zlib.dir\Release\\" /Fd"C:/RevoCore/LATEST BUILD/dep/zlib/Release/zlib.pdb" /Gd /TC /wd4996 /wd4355 /wd4244 /wd4985 /wd4267 /wd4619 /analyze- /errorReport:prompt C:\RevoCore\dep\zlib\adler32.c C:\RevoCore\dep\zlib\compress.c C:\RevoCore\dep\zlib\crc32.c C:\RevoCore\dep\zlib\deflate.c C:\RevoCore\dep\zlib\example.c C:\RevoCore\dep\zlib\infback.c C:\RevoCore\dep\zlib\inffast.c C:\RevoCore\dep\zlib\inflate.c C:\RevoCore\dep\zlib\inftrees.c C:\RevoCore\dep\zlib\trees.c C:\RevoCore\dep\zlib\uncompr.c C:\RevoCore\dep\zlib\zutil.c  /Zm1000 
         adler32.c
         compress.c
         crc32.c
         deflate.c
         example.c
         infback.c
         inffast.c
         inflate.c
         inftrees.c
         trees.c
         uncompr.c
         zutil.c
         Generating Code...
       Lib:
         C:\Program Files (x86)\Microsoft Visual Studio 10.0\VC\bin\Lib.exe /OUT:"C:\RevoCore\LATEST BUILD\dep\zlib\Release\zlib.lib" /NOLOGO zlib.dir\Release\adler32.obj
         zlib.dir\Release\compress.obj
         zlib.dir\Release\crc32.obj
         zlib.dir\Release\deflate.obj
         zlib.dir\Release\example.obj
         zlib.dir\Release\infback.obj
         zlib.dir\Release\inffast.obj
         zlib.dir\Release\inflate.obj
         zlib.dir\Release\inftrees.obj
         zlib.dir\Release\trees.obj
         zlib.dir\Release\uncompr.obj
         zlib.dir\Release\zutil.obj
         zlib.vcxproj -> C:\RevoCore\LATEST BUILD\dep\zlib\Release\zlib.lib
       FinalizeBuildStatus:
         Deleting file "zlib.dir\Release\zlib.unsuccessfulbuild".
         Touching "zlib.dir\Release\zlib.lastbuildstate".
     1>Done Building Project "C:\RevoCore\LATEST BUILD\dep\zlib\zlib.vcxproj" (build target(s)).

Build succeeded.

Time Elapsed 00:00:19.31
