Build started 3/4/2012 10:55:31 AM.
     1>Project "C:\RevoCore\Latest Build\src\server\shared\shared.vcxproj" on node 5 (build target(s)).
     1>PrepareForBuild:
         Creating directory "C:\RevoCore\Latest Build\src\server\shared\Release\".
       InitializeBuildStatus:
         Creating "shared.dir\Release\shared.unsuccessfulbuild" because "AlwaysCreate" was specified.
       CustomBuild:
         Building Custom Rule C:/RevoCore/src/server/shared/CMakeLists.txt
         CMake does not need to re-run because C:\RevoCore\Latest Build\src\server\shared\CMakeFiles\generate.stamp is up-to-date.
       ClCompile:
         C:\Program Files (x86)\Microsoft Visual Studio 10.0\VC\bin\CL.exe /c /I"C:/RevoCore/Latest Build/src/server/shared" /I"C:/RevoCore/Latest Build" /IC:/RevoCore/dep/SFMT /IC:/RevoCore/dep/mersennetwister /IC:/RevoCore/dep/sockets/include /IC:/RevoCore/dep/utf8cpp /IC:/RevoCore/src/server /IC:/RevoCore/src/server/shared /IC:/RevoCore/src/server/shared/Configuration /IC:/RevoCore/src/server/shared/Cryptography /IC:/RevoCore/src/server/shared/Database /IC:/RevoCore/src/server/shared/DataStores /IC:/RevoCore/src/server/shared/Debugging /IC:/RevoCore/src/server/shared/Dynamic /IC:/RevoCore/src/server/shared/Logging /IC:/RevoCore/src/server/shared/Packets /IC:/RevoCore/src/server/shared/Threading /IC:/RevoCore/src/server/shared/Utilities /IC:/RevoCore/src/server/game/Entities/Object /IC:/RevoCore/dep/acelite /IC:/RevoCore/dep/mysqllite/include /I"C:/OpenSSL-Win32/include" /nologo /W3 /WX- /MP /O2 /Ob2 /Oy- /D WIN32 /D _WINDOWS /D NDEBUG /D "_BUILD_DIRECTIVE=\"Release\"" /D _CRT_SECURE_CPP_OVERLOAD_STANDARD_NAMES /D _CRT_SECURE_NO_WARNINGS /D _CRT_NONSTDC_NO_WARNINGS /D SCRIPTS /D "CMAKE_INTDIR=\"Release\"" /D _MBCS /Gm- /EHsc /MD /GS /fp:precise /Zc:wchar_t /Zc:forScope /GR /Yc"C:/RevoCore/src/server/shared/PrecompiledHeaders/sharedPCH.h" /Fp"shared.dir\Release\shared.pch" /Fo"shared.dir\Release\\" /Fd"C:/RevoCore/Latest Build/src/server/shared/Release/shared.pdb" /Gd /TP /wd4996 /wd4355 /wd4244 /wd4985 /wd4267 /wd4619 /FIC:/RevoCore/src/server/shared/PrecompiledHeaders/sharedPCH.h /analyze- /errorReport:prompt C:\RevoCore\src\server\shared\PrecompiledHeaders\sharedPCH.cpp  /Zm1000 
         sharedPCH.cpp
         C:\Program Files (x86)\Microsoft Visual Studio 10.0\VC\bin\CL.exe /c /I"C:/RevoCore/Latest Build/src/server/shared" /I"C:/RevoCore/Latest Build" /IC:/RevoCore/dep/SFMT /IC:/RevoCore/dep/mersennetwister /IC:/RevoCore/dep/sockets/include /IC:/RevoCore/dep/utf8cpp /IC:/RevoCore/src/server /IC:/RevoCore/src/server/shared /IC:/RevoCore/src/server/shared/Configuration /IC:/RevoCore/src/server/shared/Cryptography /IC:/RevoCore/src/server/shared/Database /IC:/RevoCore/src/server/shared/DataStores /IC:/RevoCore/src/server/shared/Debugging /IC:/RevoCore/src/server/shared/Dynamic /IC:/RevoCore/src/server/shared/Logging /IC:/RevoCore/src/server/shared/Packets /IC:/RevoCore/src/server/shared/Threading /IC:/RevoCore/src/server/shared/Utilities /IC:/RevoCore/src/server/game/Entities/Object /IC:/RevoCore/dep/acelite /IC:/RevoCore/dep/mysqllite/include /I"C:/OpenSSL-Win32/include" /nologo /W3 /WX- /MP /O2 /Ob2 /Oy- /D WIN32 /D _WINDOWS /D NDEBUG /D "_BUILD_DIRECTIVE=\"Release\"" /D _CRT_SECURE_CPP_OVERLOAD_STANDARD_NAMES /D _CRT_SECURE_NO_WARNINGS /D _CRT_NONSTDC_NO_WARNINGS /D SCRIPTS /D "CMAKE_INTDIR=\"Release\"" /D _MBCS /Gm- /EHsc /MD /GS /fp:precise /Zc:wchar_t /Zc:forScope /GR /Yu"C:/RevoCore/src/server/shared/PrecompiledHeaders/sharedPCH.h" /Fp"shared.dir\Release\shared.pch" /Fo"shared.dir\Release\\" /Fd"C:/RevoCore/Latest Build/src/server/shared/Release/shared.pdb" /Gd /TP /wd4996 /wd4355 /wd4244 /wd4985 /wd4267 /wd4619 /FIC:/RevoCore/src/server/shared/PrecompiledHeaders/sharedPCH.h /analyze- /errorReport:prompt C:\RevoCore\src\server\shared\Configuration\Config.cpp C:\RevoCore\src\server\shared\Cryptography\ARC4.cpp C:\RevoCore\src\server\shared\Cryptography\Authentication\AuthCrypt.cpp C:\RevoCore\src\server\shared\Cryptography\BigNumber.cpp C:\RevoCore\src\server\shared\Cryptography\HMACSHA1.cpp C:\RevoCore\src\server\shared\Cryptography\SHA1.cpp C:\RevoCore\src\server\shared\Database\AdhocStatement.cpp C:\RevoCore\src\server\shared\Database\DatabaseWorker.cpp C:\RevoCore\src\server\shared\Database\Field.cpp C:\RevoCore\src\server\shared\Database\Implementation\CharacterDatabase.cpp C:\RevoCore\src\server\shared\Database\Implementation\LoginDatabase.cpp C:\RevoCore\src\server\shared\Database\Implementation\WorldDatabase.cpp C:\RevoCore\src\server\shared\Database\MySQLConnection.cpp C:\RevoCore\src\server\shared\Database\PreparedStatement.cpp C:\RevoCore\src\server\shared\Database\QueryHolder.cpp C:\RevoCore\src\server\shared\Database\QueryResult.cpp C:\RevoCore\src\server\shared\Database\Transaction.cpp C:\RevoCore\src\server\shared\DataStores\DBCFileLoader.cpp C:\RevoCore\src\server\shared\Logging\Log.cpp C:\RevoCore\src\server\shared\Threading\DelayExecutor.cpp C:\RevoCore\src\server\shared\Threading\Threading.cpp C:\RevoCore\src\server\shared\Utilities\EventProcessor.cpp C:\RevoCore\src\server\shared\Utilities\ServiceWin32.cpp C:\RevoCore\src\server\shared\Utilities\Util.cpp C:\RevoCore\src\server\shared\Common.cpp  /Zm1000 
         Config.cpp
         ARC4.cpp
         AuthCrypt.cpp
         BigNumber.cpp
         HMACSHA1.cpp
         SHA1.cpp
         AdhocStatement.cpp
         DatabaseWorker.cpp
         Field.cpp
         CharacterDatabase.cpp
         LoginDatabase.cpp
         WorldDatabase.cpp
         MySQLConnection.cpp
         PreparedStatement.cpp
         QueryHolder.cpp
         QueryResult.cpp
         Transaction.cpp
         DBCFileLoader.cpp
         Log.cpp
         DelayExecutor.cpp
         Threading.cpp
         EventProcessor.cpp
         ServiceWin32.cpp
         Util.cpp
         Common.cpp
       Lib:
         C:\Program Files (x86)\Microsoft Visual Studio 10.0\VC\bin\Lib.exe /OUT:"C:\RevoCore\Latest Build\src\server\shared\Release\shared.lib" /NOLOGO shared.dir\Release\sharedPCH.obj
         shared.dir\Release\Config.obj
         shared.dir\Release\ARC4.obj
         shared.dir\Release\AuthCrypt.obj
         shared.dir\Release\BigNumber.obj
         shared.dir\Release\HMACSHA1.obj
         shared.dir\Release\SHA1.obj
         shared.dir\Release\AdhocStatement.obj
         shared.dir\Release\DatabaseWorker.obj
         shared.dir\Release\Field.obj
         shared.dir\Release\CharacterDatabase.obj
         shared.dir\Release\LoginDatabase.obj
         shared.dir\Release\WorldDatabase.obj
         shared.dir\Release\MySQLConnection.obj
         shared.dir\Release\PreparedStatement.obj
         shared.dir\Release\QueryHolder.obj
         shared.dir\Release\QueryResult.obj
         shared.dir\Release\Transaction.obj
         shared.dir\Release\DBCFileLoader.obj
         shared.dir\Release\Log.obj
         shared.dir\Release\DelayExecutor.obj
         shared.dir\Release\Threading.obj
         shared.dir\Release\EventProcessor.obj
         shared.dir\Release\ServiceWin32.obj
         shared.dir\Release\Util.obj
         shared.dir\Release\Common.obj
         shared.vcxproj -> C:\RevoCore\Latest Build\src\server\shared\Release\shared.lib
       FinalizeBuildStatus:
         Deleting file "shared.dir\Release\shared.unsuccessfulbuild".
         Touching "shared.dir\Release\shared.lastbuildstate".
     1>Done Building Project "C:\RevoCore\Latest Build\src\server\shared\shared.vcxproj" (build target(s)).

Build succeeded.

Time Elapsed 00:00:16.63
