Build started 3/4/2012 4:27:37 PM.
     1>Project "C:\RevoCore\LATEST BUILD\dep\acelite\ace\ace.vcxproj" on node 3 (build target(s)).
     1>InitializeBuildStatus:
         Creating "ace.dir\Release\ace.unsuccessfulbuild" because "AlwaysCreate" was specified.
       CustomBuild:
         All outputs are up-to-date.
         Building Custom Rule C:/RevoCore/dep/acelite/ace/CMakeLists.txt
         CMake does not need to re-run because C:\RevoCore\LATEST BUILD\dep\acelite\ace\CMakeFiles\generate.stamp is up-to-date.
       ClCompile:
         All outputs are up-to-date.
         C:\Program Files (x86)\Microsoft Visual Studio 10.0\VC\bin\CL.exe /c /IC:/RevoCore/dep/acelite /IC:/RevoCore/dep/acelite/ace/PrecompiledHeaders /IC:/RevoCore/dep/zlib /nologo /W0 /WX- /MP /O2 /Ob2 /Oy- /D WIN32 /D _WINDOWS /D NDEBUG /D "_BUILD_DIRECTIVE=\"Release\"" /D _CRT_SECURE_CPP_OVERLOAD_STANDARD_NAMES /D _CRT_SECURE_NO_WARNINGS /D _CRT_NONSTDC_NO_WARNINGS /D SCRIPTS /D ACE_BUILD_DLL /D "CMAKE_INTDIR=\"Release\"" /D ace_EXPORTS /D _WINDLL /D _MBCS /Gm- /EHsc /MD /GS /fp:precise /Zc:wchar_t /Zc:forScope /GR /Yc"C:/RevoCore/dep/acelite/ace/PrecompiledHeaders/WinAcePCH.h" /Fp"ace.dir\Release\ace.pch" /Fo"ace.dir\Release\\" /Fd"C:/RevoCore/LATEST BUILD/bin/Release/ace.pdb" /Gd /TP /wd4996 /wd4355 /wd4244 /wd4985 /wd4267 /wd4619 /FIC:/RevoCore/dep/acelite/ace/PrecompiledHeaders/WinAcePCH.h /analyze- /errorReport:prompt C:\RevoCore\dep\acelite\ace\PrecompiledHeaders\WinAcePCH.cpp  /Zm1000 
         WinAcePCH.cpp
         C:\Program Files (x86)\Microsoft Visual Studio 10.0\VC\bin\CL.exe /c /IC:/RevoCore/dep/acelite /IC:/RevoCore/dep/acelite/ace/PrecompiledHeaders /IC:/RevoCore/dep/zlib /nologo /W0 /WX- /MP /O2 /Ob2 /Oy- /D WIN32 /D _WINDOWS /D NDEBUG /D "_BUILD_DIRECTIVE=\"Release\"" /D _CRT_SECURE_CPP_OVERLOAD_STANDARD_NAMES /D _CRT_SECURE_NO_WARNINGS /D _CRT_NONSTDC_NO_WARNINGS /D SCRIPTS /D ACE_BUILD_DLL /D "CMAKE_INTDIR=\"Release\"" /D ace_EXPORTS /D _WINDLL /D _MBCS /Gm- /EHsc /MD /GS /fp:precise /Zc:wchar_t /Zc:forScope /GR /Yu"C:/RevoCore/dep/acelite/ace/PrecompiledHeaders/WinAcePCH.h" /Fp"ace.dir\Release\ace.pch" /Fo"ace.dir\Release\\" /Fd"C:/RevoCore/LATEST BUILD/bin/Release/ace.pdb" /Gd /TP /wd4996 /wd4355 /wd4244 /wd4985 /wd4267 /wd4619 /FIC:/RevoCore/dep/acelite/ace/PrecompiledHeaders/WinAcePCH.h /analyze- /errorReport:prompt C:\RevoCore\dep\acelite\ace\ACE.cpp C:\RevoCore\dep\acelite\ace\ACE_crc32.cpp C:\RevoCore\dep\acelite\ace\ACE_crc_ccitt.cpp C:\RevoCore\dep\acelite\ace\ace_wchar.cpp C:\RevoCore\dep\acelite\ace\Activation_Queue.cpp C:\RevoCore\dep\acelite\ace\Active_Map_Manager.cpp C:\RevoCore\dep\acelite\ace\Addr.cpp C:\RevoCore\dep\acelite\ace\Argv_Type_Converter.cpp C:\RevoCore\dep\acelite\ace\Assert.cpp C:\RevoCore\dep\acelite\ace\Asynch_IO.cpp C:\RevoCore\dep\acelite\ace\Asynch_IO_Impl.cpp C:\RevoCore\dep\acelite\ace\Asynch_Pseudo_Task.cpp C:\RevoCore\dep\acelite\ace\ATM_Acceptor.cpp C:\RevoCore\dep\acelite\ace\ATM_Addr.cpp C:\RevoCore\dep\acelite\ace\ATM_Connector.cpp C:\RevoCore\dep\acelite\ace\ATM_Params.cpp C:\RevoCore\dep\acelite\ace\ATM_QoS.cpp C:\RevoCore\dep\acelite\ace\ATM_Stream.cpp C:\RevoCore\dep\acelite\ace\Atomic_Op.cpp C:\RevoCore\dep\acelite\ace\Atomic_Op_Sparc.c C:\RevoCore\dep\acelite\ace\Auto_Event.cpp C:\RevoCore\dep\acelite\ace\Barrier.cpp C:\RevoCore\dep\acelite\ace\Base_Thread_Adapter.cpp C:\RevoCore\dep\acelite\ace\Based_Pointer_Repository.cpp C:\RevoCore\dep\acelite\ace\Basic_Stats.cpp C:\RevoCore\dep\acelite\ace\Basic_Types.cpp C:\RevoCore\dep\acelite\ace\Capabilities.cpp C:\RevoCore\dep\acelite\ace\CDR_Base.cpp C:\RevoCore\dep\acelite\ace\CDR_Size.cpp C:\RevoCore\dep\acelite\ace\CDR_Stream.cpp C:\RevoCore\dep\acelite\ace\Cleanup.cpp C:\RevoCore\dep\acelite\ace\Codecs.cpp C:\RevoCore\dep\acelite\ace\Codeset_IBM1047.cpp C:\RevoCore\dep\acelite\ace\Codeset_Registry.cpp C:\RevoCore\dep\acelite\ace\Codeset_Registry_db.cpp C:\RevoCore\dep\acelite\ace\Condition_Recursive_Thread_Mutex.cpp C:\RevoCore\dep\acelite\ace\Condition_Thread_Mutex.cpp C:\RevoCore\dep\acelite\ace\Configuration.cpp C:\RevoCore\dep\acelite\ace\Configuration_Import_Export.cpp C:\RevoCore\dep\acelite\ace\Connection_Recycling_Strategy.cpp C:\RevoCore\dep\acelite\ace\Containers.cpp C:\RevoCore\dep\acelite\ace\Copy_Disabled.cpp C:\RevoCore\dep\acelite\ace\Countdown_Time.cpp C:\RevoCore\dep\acelite\ace\Date_Time.cpp C:\RevoCore\dep\acelite\ace\DEV.cpp C:\RevoCore\dep\acelite\ace\DEV_Addr.cpp C:\RevoCore\dep\acelite\ace\DEV_Connector.cpp C:\RevoCore\dep\acelite\ace\DEV_IO.cpp C:\RevoCore\dep\acelite\ace\Dev_Poll_Reactor.cpp C:\RevoCore\dep\acelite\ace\Dirent.cpp C:\RevoCore\dep\acelite\ace\Dirent_Selector.cpp C:\RevoCore\dep\acelite\ace\DLL.cpp C:\RevoCore\dep\acelite\ace\DLL_Manager.cpp C:\RevoCore\dep\acelite\ace\Dump.cpp C:\RevoCore\dep\acelite\ace\Dynamic.cpp C:\RevoCore\dep\acelite\ace\Dynamic_Message_Strategy.cpp C:\RevoCore\dep\acelite\ace\Dynamic_Service_Base.cpp C:\RevoCore\dep\acelite\ace\Dynamic_Service_Dependency.cpp C:\RevoCore\dep\acelite\ace\Encoding_Converter.cpp C:\RevoCore\dep\acelite\ace\Encoding_Converter_Factory.cpp C:\RevoCore\dep\acelite\ace\Event.cpp C:\RevoCore\dep\acelite\ace\Event_Handler.cpp C:\RevoCore\dep\acelite\ace\FIFO.cpp C:\RevoCore\dep\acelite\ace\FIFO_Recv.cpp C:\RevoCore\dep\acelite\ace\FIFO_Recv_Msg.cpp C:\RevoCore\dep\acelite\ace\FIFO_Send.cpp C:\RevoCore\dep\acelite\ace\FIFO_Send_Msg.cpp C:\RevoCore\dep\acelite\ace\FILE.cpp C:\RevoCore\dep\acelite\ace\FILE_Addr.cpp C:\RevoCore\dep\acelite\ace\FILE_Connector.cpp C:\RevoCore\dep\acelite\ace\FILE_IO.cpp C:\RevoCore\dep\acelite\ace\File_Lock.cpp C:\RevoCore\dep\acelite\ace\Filecache.cpp C:\RevoCore\dep\acelite\ace\Flag_Manip.cpp C:\RevoCore\dep\acelite\ace\Framework_Component.cpp C:\RevoCore\dep\acelite\ace\Functor.cpp C:\RevoCore\dep\acelite\ace\Functor_String.cpp C:\RevoCore\dep\acelite\ace\Get_Opt.cpp C:\RevoCore\dep\acelite\ace\gethrtime.cpp C:\RevoCore\dep\acelite\ace\Handle_Ops.cpp C:\RevoCore\dep\acelite\ace\Handle_Set.cpp C:\RevoCore\dep\acelite\ace\Hashable.cpp C:\RevoCore\dep\acelite\ace\High_Res_Timer.cpp C:\RevoCore\dep\acelite\ace\ICMP_Socket.cpp C:\RevoCore\dep\acelite\ace\INET_Addr.cpp C:\RevoCore\dep\acelite\ace\Init_ACE.cpp C:\RevoCore\dep\acelite\ace\IO_Cntl_Msg.cpp C:\RevoCore\dep\acelite\ace\IO_SAP.cpp C:\RevoCore\dep\acelite\ace\IOStream.cpp C:\RevoCore\dep\acelite\ace\IPC_SAP.cpp C:\RevoCore\dep\acelite\ace\Lib_Find.cpp C:\RevoCore\dep\acelite\ace\Local_Memory_Pool.cpp C:\RevoCore\dep\acelite\ace\Local_Name_Space.cpp C:\RevoCore\dep\acelite\ace\Local_Tokens.cpp C:\RevoCore\dep\acelite\ace\Lock.cpp C:\RevoCore\dep\acelite\ace\Log_Msg.cpp C:\RevoCore\dep\acelite\ace\Log_Msg_Backend.cpp C:\RevoCore\dep\acelite\ace\Log_Msg_Callback.cpp C:\RevoCore\dep\acelite\ace\Log_Msg_IPC.cpp C:\RevoCore\dep\acelite\ace\Log_Msg_NT_Event_Log.cpp C:\RevoCore\dep\acelite\ace\Log_Msg_UNIX_Syslog.cpp C:\RevoCore\dep\acelite\ace\Log_Record.cpp C:\RevoCore\dep\acelite\ace\Logging_Strategy.cpp C:\RevoCore\dep\acelite\ace\LSOCK.cpp C:\RevoCore\dep\acelite\ace\LSOCK_Acceptor.cpp C:\RevoCore\dep\acelite\ace\LSOCK_CODgram.cpp C:\RevoCore\dep\acelite\ace\LSOCK_Connector.cpp C:\RevoCore\dep\acelite\ace\LSOCK_Dgram.cpp C:\RevoCore\dep\acelite\ace\LSOCK_Stream.cpp C:\RevoCore\dep\acelite\ace\Malloc.cpp C:\RevoCore\dep\acelite\ace\Malloc_Allocator.cpp C:\RevoCore\dep\acelite\ace\Manual_Event.cpp C:\RevoCore\dep\acelite\ace\MEM_Acceptor.cpp C:\RevoCore\dep\acelite\ace\MEM_Addr.cpp C:\RevoCore\dep\acelite\ace\MEM_Connector.cpp C:\RevoCore\dep\acelite\ace\MEM_IO.cpp C:\RevoCore\dep\acelite\ace\Mem_Map.cpp C:\RevoCore\dep\acelite\ace\MEM_SAP.cpp C:\RevoCore\dep\acelite\ace\MEM_Stream.cpp C:\RevoCore\dep\acelite\ace\Message_Block.cpp C:\RevoCore\dep\acelite\ace\Message_Queue.cpp C:\RevoCore\dep\acelite\ace\Message_Queue_NT.cpp C:\RevoCore\dep\acelite\ace\Message_Queue_Vx.cpp C:\RevoCore\dep\acelite\ace\Method_Request.cpp C:\RevoCore\dep\acelite\ace\MMAP_Memory_Pool.cpp C:\RevoCore\dep\acelite\ace\Monitor_Admin.cpp C:\RevoCore\dep\acelite\ace\Monitor_Admin_Manager.cpp C:\RevoCore\dep\acelite\ace\Monitor_Base.cpp C:\RevoCore\dep\acelite\ace\Monitor_Control_Action.cpp C:\RevoCore\dep\acelite\ace\Monitor_Control_Types.cpp C:\RevoCore\dep\acelite\ace\Monitor_Point_Registry.cpp C:\RevoCore\dep\acelite\ace\Monitor_Size.cpp C:\RevoCore\dep\acelite\ace\Msg_WFMO_Reactor.cpp C:\RevoCore\dep\acelite\ace\Multihomed_INET_Addr.cpp C:\RevoCore\dep\acelite\ace\Mutex.cpp C:\RevoCore\dep\acelite\ace\Name_Proxy.cpp C:\RevoCore\dep\acelite\ace\Name_Request_Reply.cpp C:\RevoCore\dep\acelite\ace\Name_Space.cpp C:\RevoCore\dep\acelite\ace\Naming_Context.cpp C:\RevoCore\dep\acelite\ace\Netlink_Addr.cpp C:\RevoCore\dep\acelite\ace\Notification_Queue.cpp C:\RevoCore\dep\acelite\ace\Notification_Strategy.cpp C:\RevoCore\dep\acelite\ace\NT_Service.cpp C:\RevoCore\dep\acelite\ace\Obchunk.cpp C:\RevoCore\dep\acelite\ace\Object_Manager.cpp C:\RevoCore\dep\acelite\ace\Object_Manager_Base.cpp C:\RevoCore\dep\acelite\ace\OS_Errno.cpp C:\RevoCore\dep\acelite\ace\OS_Log_Msg_Attributes.cpp C:\RevoCore\dep\acelite\ace\OS_main.cpp C:\RevoCore\dep\acelite\ace\OS_NS_arpa_inet.cpp C:\RevoCore\dep\acelite\ace\OS_NS_ctype.cpp C:\RevoCore\dep\acelite\ace\OS_NS_dirent.cpp C:\RevoCore\dep\acelite\ace\OS_NS_dlfcn.cpp C:\RevoCore\dep\acelite\ace\OS_NS_errno.cpp C:\RevoCore\dep\acelite\ace\OS_NS_fcntl.cpp C:\RevoCore\dep\acelite\ace\OS_NS_math.cpp C:\RevoCore\dep\acelite\ace\OS_NS_netdb.cpp C:\RevoCore\dep\acelite\ace\OS_NS_poll.cpp C:\RevoCore\dep\acelite\ace\OS_NS_pwd.cpp C:\RevoCore\dep\acelite\ace\OS_NS_regex.cpp C:\RevoCore\dep\acelite\ace\OS_NS_signal.cpp C:\RevoCore\dep\acelite\ace\OS_NS_stdio.cpp C:\RevoCore\dep\acelite\ace\OS_NS_stdlib.cpp C:\RevoCore\dep\acelite\ace\OS_NS_string.cpp C:\RevoCore\dep\acelite\ace\OS_NS_strings.cpp C:\RevoCore\dep\acelite\ace\OS_NS_stropts.cpp C:\RevoCore\dep\acelite\ace\OS_NS_sys_mman.cpp C:\RevoCore\dep\acelite\ace\OS_NS_sys_msg.cpp C:\RevoCore\dep\acelite\ace\OS_NS_sys_resource.cpp C:\RevoCore\dep\acelite\ace\OS_NS_sys_select.cpp C:\RevoCore\dep\acelite\ace\OS_NS_sys_sendfile.cpp C:\RevoCore\dep\acelite\ace\OS_NS_sys_shm.cpp C:\RevoCore\dep\acelite\ace\OS_NS_sys_socket.cpp C:\RevoCore\dep\acelite\ace\OS_NS_sys_stat.cpp C:\RevoCore\dep\acelite\ace\OS_NS_sys_time.cpp C:\RevoCore\dep\acelite\ace\OS_NS_sys_uio.cpp C:\RevoCore\dep\acelite\ace\OS_NS_sys_utsname.cpp C:\RevoCore\dep\acelite\ace\OS_NS_sys_wait.cpp C:\RevoCore\dep\acelite\ace\OS_NS_Thread.cpp C:\RevoCore\dep\acelite\ace\OS_NS_time.cpp C:\RevoCore\dep\acelite\ace\OS_NS_unistd.cpp C:\RevoCore\dep\acelite\ace\OS_NS_wchar.cpp C:\RevoCore\dep\acelite\ace\OS_QoS.cpp C:\RevoCore\dep\acelite\ace\OS_Thread_Adapter.cpp C:\RevoCore\dep\acelite\ace\OS_TLI.cpp C:\RevoCore\dep\acelite\ace\Pagefile_Memory_Pool.cpp C:\RevoCore\dep\acelite\ace\Parse_Node.cpp C:\RevoCore\dep\acelite\ace\PI_Malloc.cpp C:\RevoCore\dep\acelite\ace\Ping_Socket.cpp C:\RevoCore\dep\acelite\ace\Pipe.cpp C:\RevoCore\dep\acelite\ace\POSIX_Asynch_IO.cpp C:\RevoCore\dep\acelite\ace\POSIX_CB_Proactor.cpp C:\RevoCore\dep\acelite\ace\POSIX_Proactor.cpp C:\RevoCore\dep\acelite\ace\Priority_Reactor.cpp C:\RevoCore\dep\acelite\ace\Proactor.cpp C:\RevoCore\dep\acelite\ace\Proactor_Impl.cpp C:\RevoCore\dep\acelite\ace\Process.cpp C:\RevoCore\dep\acelite\ace\Process_Manager.cpp C:\RevoCore\dep\acelite\ace\Process_Mutex.cpp C:\RevoCore\dep\acelite\ace\Process_Semaphore.cpp C:\RevoCore\dep\acelite\ace\Profile_Timer.cpp C:\RevoCore\dep\acelite\ace\Reactor.cpp C:\RevoCore\dep\acelite\ace\Reactor_Impl.cpp C:\RevoCore\dep\acelite\ace\Reactor_Notification_Strategy.cpp C:\RevoCore\dep\acelite\ace\Reactor_Timer_Interface.cpp C:\RevoCore\dep\acelite\ace\Read_Buffer.cpp C:\RevoCore\dep\acelite\ace\Recursive_Thread_Mutex.cpp C:\RevoCore\dep\acelite\ace\Recyclable.cpp C:\RevoCore\dep\acelite\ace\Registry.cpp C:\RevoCore\dep\acelite\ace\Registry_Name_Space.cpp C:\RevoCore\dep\acelite\ace\Remote_Name_Space.cpp C:\RevoCore\dep\acelite\ace\Remote_Tokens.cpp C:\RevoCore\dep\acelite\ace\Rtems_init.c C:\RevoCore\dep\acelite\ace\RW_Mutex.cpp C:\RevoCore\dep\acelite\ace\RW_Process_Mutex.cpp C:\RevoCore\dep\acelite\ace\RW_Thread_Mutex.cpp C:\RevoCore\dep\acelite\ace\Sample_History.cpp C:\RevoCore\dep\acelite\ace\Sbrk_Memory_Pool.cpp C:\RevoCore\dep\acelite\ace\Sched_Params.cpp C:\RevoCore\dep\acelite\ace\Select_Reactor_Base.cpp C:\RevoCore\dep\acelite\ace\Semaphore.cpp C:\RevoCore\dep\acelite\ace\Service_Config.cpp C:\RevoCore\dep\acelite\ace\Service_Gestalt.cpp C:\RevoCore\dep\acelite\ace\Service_Manager.cpp C:\RevoCore\dep\acelite\ace\Service_Object.cpp C:\RevoCore\dep\acelite\ace\Service_Repository.cpp C:\RevoCore\dep\acelite\ace\Service_Types.cpp C:\RevoCore\dep\acelite\ace\Shared_Memory.cpp C:\RevoCore\dep\acelite\ace\Shared_Memory_MM.cpp C:\RevoCore\dep\acelite\ace\Shared_Memory_Pool.cpp C:\RevoCore\dep\acelite\ace\Shared_Memory_SV.cpp C:\RevoCore\dep\acelite\ace\Shared_Object.cpp C:\RevoCore\dep\acelite\ace\Sig_Adapter.cpp C:\RevoCore\dep\acelite\ace\Sig_Handler.cpp C:\RevoCore\dep\acelite\ace\Signal.cpp C:\RevoCore\dep\acelite\ace\SOCK.cpp C:\RevoCore\dep\acelite\ace\SOCK_Acceptor.cpp C:\RevoCore\dep\acelite\ace\SOCK_CODgram.cpp C:\RevoCore\dep\acelite\ace\Sock_Connect.cpp C:\RevoCore\dep\acelite\ace\SOCK_Connector.cpp C:\RevoCore\dep\acelite\ace\SOCK_Dgram.cpp C:\RevoCore\dep\acelite\ace\SOCK_Dgram_Bcast.cpp C:\RevoCore\dep\acelite\ace\SOCK_Dgram_Mcast.cpp C:\RevoCore\dep\acelite\ace\SOCK_IO.cpp C:\RevoCore\dep\acelite\ace\SOCK_Netlink.cpp C:\RevoCore\dep\acelite\ace\SOCK_SEQPACK_Acceptor.cpp C:\RevoCore\dep\acelite\ace\SOCK_SEQPACK_Association.cpp C:\RevoCore\dep\acelite\ace\SOCK_SEQPACK_Connector.cpp C:\RevoCore\dep\acelite\ace\SOCK_Stream.cpp C:\RevoCore\dep\acelite\ace\SPIPE.cpp C:\RevoCore\dep\acelite\ace\SPIPE_Acceptor.cpp C:\RevoCore\dep\acelite\ace\SPIPE_Addr.cpp C:\RevoCore\dep\acelite\ace\SPIPE_Connector.cpp C:\RevoCore\dep\acelite\ace\SPIPE_Stream.cpp C:\RevoCore\dep\acelite\ace\SString.cpp C:\RevoCore\dep\acelite\ace\Stack_Trace.cpp C:\RevoCore\dep\acelite\ace\Stats.cpp C:\RevoCore\dep\acelite\ace\String_Base_Const.cpp C:\RevoCore\dep\acelite\ace\SUN_Proactor.cpp C:\RevoCore\dep\acelite\ace\SV_Message.cpp C:\RevoCore\dep\acelite\ace\SV_Message_Queue.cpp C:\RevoCore\dep\acelite\ace\SV_Semaphore_Complex.cpp C:\RevoCore\dep\acelite\ace\SV_Semaphore_Simple.cpp C:\RevoCore\dep\acelite\ace\SV_Shared_Memory.cpp C:\RevoCore\dep\acelite\ace\Svc_Conf_Lexer.cpp C:\RevoCore\dep\acelite\ace\Svc_Conf_y.cpp C:\RevoCore\dep\acelite\ace\Synch_Options.cpp C:\RevoCore\dep\acelite\ace\System_Time.cpp C:\RevoCore\dep\acelite\ace\Task.cpp C:\RevoCore\dep\acelite\ace\Thread.cpp C:\RevoCore\dep\acelite\ace\Thread_Adapter.cpp C:\RevoCore\dep\acelite\ace\Thread_Control.cpp C:\RevoCore\dep\acelite\ace\Thread_Exit.cpp C:\RevoCore\dep\acelite\ace\Thread_Hook.cpp C:\RevoCore\dep\acelite\ace\Thread_Manager.cpp C:\RevoCore\dep\acelite\ace\Thread_Mutex.cpp C:\RevoCore\dep\acelite\ace\Thread_Semaphore.cpp C:\RevoCore\dep\acelite\ace\Throughput_Stats.cpp C:\RevoCore\dep\acelite\ace\Time_Value.cpp C:\RevoCore\dep\acelite\ace\Timeprobe.cpp C:\RevoCore\dep\acelite\ace\TLI.cpp C:\RevoCore\dep\acelite\ace\TLI_Acceptor.cpp C:\RevoCore\dep\acelite\ace\TLI_Connector.cpp C:\RevoCore\dep\acelite\ace\TLI_Stream.cpp C:\RevoCore\dep\acelite\ace\Token.cpp C:\RevoCore\dep\acelite\ace\Token_Collection.cpp C:\RevoCore\dep\acelite\ace\Token_Invariants.cpp C:\RevoCore\dep\acelite\ace\Token_Manager.cpp C:\RevoCore\dep\acelite\ace\Token_Request_Reply.cpp C:\RevoCore\dep\acelite\ace\TP_Reactor.cpp C:\RevoCore\dep\acelite\ace\Trace.cpp C:\RevoCore\dep\acelite\ace\TSS_Adapter.cpp C:\RevoCore\dep\acelite\ace\TTY_IO.cpp C:\RevoCore\dep\acelite\ace\UNIX_Addr.cpp C:\RevoCore\dep\acelite\ace\UPIPE_Acceptor.cpp C:\RevoCore\dep\acelite\ace\UPIPE_Connector.cpp C:\RevoCore\dep\acelite\ace\UPIPE_Stream.cpp C:\RevoCore\dep\acelite\ace\UTF16_Encoding_Converter.cpp C:\RevoCore\dep\acelite\ace\UTF32_Encoding_Converter.cpp C:\RevoCore\dep\acelite\ace\UTF8_Encoding_Converter.cpp C:\RevoCore\dep\acelite\ace\UUID.cpp C:\RevoCore\dep\acelite\ace\WFMO_Reactor.cpp C:\RevoCore\dep\acelite\ace\WIN32_Asynch_IO.cpp C:\RevoCore\dep\acelite\ace\WIN32_Proactor.cpp C:\RevoCore\dep\acelite\ace\XML_Svc_Conf.cpp C:\RevoCore\dep\acelite\ace\XTI_ATM_Mcast.cpp  /Zm1000 
         ACE.cpp
         ACE_crc32.cpp
         ACE_crc_ccitt.cpp
         ace_wchar.cpp
         Activation_Queue.cpp
         Active_Map_Manager.cpp
         Addr.cpp
         Argv_Type_Converter.cpp
         Assert.cpp
         Asynch_IO.cpp
         Asynch_IO_Impl.cpp
         Asynch_Pseudo_Task.cpp
         ATM_Acceptor.cpp
         ATM_Addr.cpp
         ATM_Connector.cpp
         ATM_Params.cpp
         ATM_QoS.cpp
         ATM_Stream.cpp
         Atomic_Op.cpp
         Atomic_Op_Sparc.c
         Auto_Event.cpp
         Barrier.cpp
         Base_Thread_Adapter.cpp
         Based_Pointer_Repository.cpp
         Basic_Stats.cpp
         Basic_Types.cpp
         Capabilities.cpp
         CDR_Base.cpp
         CDR_Size.cpp
         CDR_Stream.cpp
         Cleanup.cpp
         Codecs.cpp
         Codeset_IBM1047.cpp
         Codeset_Registry.cpp
         Codeset_Registry_db.cpp
         Condition_Recursive_Thread_Mutex.cpp
         Condition_Thread_Mutex.cpp
         Configuration.cpp
         Configuration_Import_Export.cpp
         Connection_Recycling_Strategy.cpp
         Containers.cpp
         Copy_Disabled.cpp
         Countdown_Time.cpp
         Date_Time.cpp
         DEV.cpp
         DEV_Addr.cpp
         DEV_Connector.cpp
         DEV_IO.cpp
         Dev_Poll_Reactor.cpp
         Dirent.cpp
         Dirent_Selector.cpp
         DLL.cpp
         DLL_Manager.cpp
         Dump.cpp
         Dynamic.cpp
         Dynamic_Message_Strategy.cpp
         Dynamic_Service_Base.cpp
         Dynamic_Service_Dependency.cpp
         Encoding_Converter.cpp
         Encoding_Converter_Factory.cpp
         Event.cpp
         Event_Handler.cpp
         FIFO.cpp
         FIFO_Recv.cpp
         FIFO_Recv_Msg.cpp
         FIFO_Send.cpp
         FIFO_Send_Msg.cpp
         FILE.cpp
         FILE_Addr.cpp
         FILE_Connector.cpp
         FILE_IO.cpp
         File_Lock.cpp
         Filecache.cpp
         Flag_Manip.cpp
         Framework_Component.cpp
         Functor.cpp
         Functor_String.cpp
         Get_Opt.cpp
         gethrtime.cpp
         Handle_Ops.cpp
         Handle_Set.cpp
         Hashable.cpp
         High_Res_Timer.cpp
         ICMP_Socket.cpp
         INET_Addr.cpp
         Init_ACE.cpp
         IO_Cntl_Msg.cpp
         IO_SAP.cpp
         IOStream.cpp
         IPC_SAP.cpp
         Lib_Find.cpp
         Local_Memory_Pool.cpp
         Local_Name_Space.cpp
         Local_Tokens.cpp
         Lock.cpp
         Log_Msg.cpp
         Log_Msg_Backend.cpp
         Log_Msg_Callback.cpp
         Log_Msg_IPC.cpp
         Log_Msg_NT_Event_Log.cpp
         Log_Msg_UNIX_Syslog.cpp
         Log_Record.cpp
         Logging_Strategy.cpp
         LSOCK.cpp
         LSOCK_Acceptor.cpp
         LSOCK_CODgram.cpp
         LSOCK_Connector.cpp
         LSOCK_Dgram.cpp
         LSOCK_Stream.cpp
         Malloc.cpp
         Malloc_Allocator.cpp
         Manual_Event.cpp
         MEM_Acceptor.cpp
         MEM_Addr.cpp
         MEM_Connector.cpp
         MEM_IO.cpp
         Mem_Map.cpp
         MEM_SAP.cpp
         MEM_Stream.cpp
         Message_Block.cpp
         Message_Queue.cpp
         Message_Queue_NT.cpp
         Message_Queue_Vx.cpp
         Method_Request.cpp
         MMAP_Memory_Pool.cpp
         Monitor_Admin.cpp
         Monitor_Admin_Manager.cpp
         Monitor_Base.cpp
         Monitor_Control_Action.cpp
         Monitor_Control_Types.cpp
         Monitor_Point_Registry.cpp
         Monitor_Size.cpp
         Msg_WFMO_Reactor.cpp
         Multihomed_INET_Addr.cpp
         Mutex.cpp
         Name_Proxy.cpp
         Name_Request_Reply.cpp
         Name_Space.cpp
         Naming_Context.cpp
         Netlink_Addr.cpp
         Notification_Queue.cpp
         Notification_Strategy.cpp
         NT_Service.cpp
         Obchunk.cpp
         Object_Manager.cpp
         Object_Manager_Base.cpp
         OS_Errno.cpp
         OS_Log_Msg_Attributes.cpp
         OS_main.cpp
         OS_NS_arpa_inet.cpp
         OS_NS_ctype.cpp
         OS_NS_dirent.cpp
         OS_NS_dlfcn.cpp
         OS_NS_errno.cpp
         OS_NS_fcntl.cpp
         OS_NS_math.cpp
         OS_NS_netdb.cpp
         OS_NS_poll.cpp
         OS_NS_pwd.cpp
         OS_NS_regex.cpp
         OS_NS_signal.cpp
         OS_NS_stdio.cpp
         OS_NS_stdlib.cpp
         OS_NS_string.cpp
         OS_NS_strings.cpp
         OS_NS_stropts.cpp
         OS_NS_sys_mman.cpp
         OS_NS_sys_msg.cpp
         OS_NS_sys_resource.cpp
         OS_NS_sys_select.cpp
         OS_NS_sys_sendfile.cpp
         OS_NS_sys_shm.cpp
         OS_NS_sys_socket.cpp
         OS_NS_sys_stat.cpp
         OS_NS_sys_time.cpp
         OS_NS_sys_uio.cpp
         OS_NS_sys_utsname.cpp
         OS_NS_sys_wait.cpp
         OS_NS_Thread.cpp
         OS_NS_time.cpp
         OS_NS_unistd.cpp
         OS_NS_wchar.cpp
         OS_QoS.cpp
         OS_Thread_Adapter.cpp
         OS_TLI.cpp
         Pagefile_Memory_Pool.cpp
         Parse_Node.cpp
         PI_Malloc.cpp
         Ping_Socket.cpp
         Pipe.cpp
         POSIX_Asynch_IO.cpp
         POSIX_CB_Proactor.cpp
         POSIX_Proactor.cpp
         Priority_Reactor.cpp
         Proactor.cpp
         Proactor_Impl.cpp
         Process.cpp
         Process_Manager.cpp
         Process_Mutex.cpp
         Process_Semaphore.cpp
         Profile_Timer.cpp
         Reactor.cpp
         Reactor_Impl.cpp
         Reactor_Notification_Strategy.cpp
         Reactor_Timer_Interface.cpp
         Read_Buffer.cpp
         Recursive_Thread_Mutex.cpp
         Recyclable.cpp
         Registry.cpp
         Registry_Name_Space.cpp
         Remote_Name_Space.cpp
         Remote_Tokens.cpp
         Rtems_init.c
         RW_Mutex.cpp
         RW_Process_Mutex.cpp
         RW_Thread_Mutex.cpp
         Sample_History.cpp
         Sbrk_Memory_Pool.cpp
         Sched_Params.cpp
         Select_Reactor_Base.cpp
         Semaphore.cpp
         Service_Config.cpp
         Service_Gestalt.cpp
         Service_Manager.cpp
         Service_Object.cpp
         Service_Repository.cpp
         Service_Types.cpp
         Shared_Memory.cpp
         Shared_Memory_MM.cpp
         Shared_Memory_Pool.cpp
         Shared_Memory_SV.cpp
         Shared_Object.cpp
         Sig_Adapter.cpp
         Sig_Handler.cpp
         Signal.cpp
         SOCK.cpp
         SOCK_Acceptor.cpp
         SOCK_CODgram.cpp
         Sock_Connect.cpp
         SOCK_Connector.cpp
         SOCK_Dgram.cpp
         SOCK_Dgram_Bcast.cpp
         SOCK_Dgram_Mcast.cpp
         SOCK_IO.cpp
         SOCK_Netlink.cpp
         SOCK_SEQPACK_Acceptor.cpp
         SOCK_SEQPACK_Association.cpp
         SOCK_SEQPACK_Connector.cpp
         SOCK_Stream.cpp
         SPIPE.cpp
         SPIPE_Acceptor.cpp
         SPIPE_Addr.cpp
         SPIPE_Connector.cpp
         SPIPE_Stream.cpp
         SString.cpp
         Stack_Trace.cpp
         Stats.cpp
         String_Base_Const.cpp
         SUN_Proactor.cpp
         SV_Message.cpp
         SV_Message_Queue.cpp
         SV_Semaphore_Complex.cpp
         SV_Semaphore_Simple.cpp
         SV_Shared_Memory.cpp
         Svc_Conf_Lexer.cpp
         Svc_Conf_y.cpp
         Synch_Options.cpp
         System_Time.cpp
         Task.cpp
         Thread.cpp
         Thread_Adapter.cpp
         Thread_Control.cpp
         Thread_Exit.cpp
         Thread_Hook.cpp
         Thread_Manager.cpp
         Thread_Mutex.cpp
         Thread_Semaphore.cpp
         Throughput_Stats.cpp
         Time_Value.cpp
         Timeprobe.cpp
         TLI.cpp
         TLI_Acceptor.cpp
         TLI_Connector.cpp
         TLI_Stream.cpp
         Token.cpp
         Token_Collection.cpp
         Token_Invariants.cpp
         Token_Manager.cpp
         Token_Request_Reply.cpp
         TP_Reactor.cpp
         Trace.cpp
         TSS_Adapter.cpp
         TTY_IO.cpp
         UNIX_Addr.cpp
         UPIPE_Acceptor.cpp
         UPIPE_Connector.cpp
         UPIPE_Stream.cpp
         UTF16_Encoding_Converter.cpp
         UTF32_Encoding_Converter.cpp
         UTF8_Encoding_Converter.cpp
         UUID.cpp
         WFMO_Reactor.cpp
         WIN32_Asynch_IO.cpp
         WIN32_Proactor.cpp
         XML_Svc_Conf.cpp
         XTI_ATM_Mcast.cpp
       Link:
         C:\Program Files (x86)\Microsoft Visual Studio 10.0\VC\bin\link.exe /ERRORREPORT:PROMPT /OUT:"C:\RevoCore\LATEST BUILD\bin\Release\ace.dll" /INCREMENTAL:NO /NOLOGO kernel32.lib user32.lib gdi32.lib winspool.lib shell32.lib ole32.lib oleaut32.lib uuid.lib comdlg32.lib advapi32.lib /MANIFEST /ManifestFile:"ace.dir\Release\ace.dll.intermediate.manifest" /MANIFESTUAC:"level='asInvoker' uiAccess='false'" /PDB:"C:\RevoCore\LATEST BUILD\bin\Release\ace.pdb" /SUBSYSTEM:CONSOLE /STACK:"10000000" /TLBID:1 /DYNAMICBASE /NXCOMPAT /IMPLIB:"C:/RevoCore/LATEST BUILD/dep/acelite/ace/Release/ace.lib" /MACHINE:X86 /DLL ace.dir\Release\WinAcePCH.obj
         ace.dir\Release\ACE.obj
         ace.dir\Release\ACE_crc32.obj
         ace.dir\Release\ACE_crc_ccitt.obj
         ace.dir\Release\ace_wchar.obj
         ace.dir\Release\Activation_Queue.obj
         ace.dir\Release\Active_Map_Manager.obj
         ace.dir\Release\Addr.obj
         ace.dir\Release\Argv_Type_Converter.obj
         ace.dir\Release\Assert.obj
         ace.dir\Release\Asynch_IO.obj
         ace.dir\Release\Asynch_IO_Impl.obj
         ace.dir\Release\Asynch_Pseudo_Task.obj
         ace.dir\Release\ATM_Acceptor.obj
         ace.dir\Release\ATM_Addr.obj
         ace.dir\Release\ATM_Connector.obj
         ace.dir\Release\ATM_Params.obj
         ace.dir\Release\ATM_QoS.obj
         ace.dir\Release\ATM_Stream.obj
         ace.dir\Release\Atomic_Op.obj
         ace.dir\Release\Atomic_Op_Sparc.obj
         ace.dir\Release\Auto_Event.obj
         ace.dir\Release\Barrier.obj
         ace.dir\Release\Base_Thread_Adapter.obj
         ace.dir\Release\Based_Pointer_Repository.obj
         ace.dir\Release\Basic_Stats.obj
         ace.dir\Release\Basic_Types.obj
         ace.dir\Release\Capabilities.obj
         ace.dir\Release\CDR_Base.obj
         ace.dir\Release\CDR_Size.obj
         ace.dir\Release\CDR_Stream.obj
         ace.dir\Release\Cleanup.obj
         ace.dir\Release\Codecs.obj
         ace.dir\Release\Codeset_IBM1047.obj
         ace.dir\Release\Codeset_Registry.obj
         ace.dir\Release\Codeset_Registry_db.obj
         ace.dir\Release\Condition_Recursive_Thread_Mutex.obj
         ace.dir\Release\Condition_Thread_Mutex.obj
         ace.dir\Release\Configuration.obj
         ace.dir\Release\Configuration_Import_Export.obj
         ace.dir\Release\Connection_Recycling_Strategy.obj
         ace.dir\Release\Containers.obj
         ace.dir\Release\Copy_Disabled.obj
         ace.dir\Release\Countdown_Time.obj
         ace.dir\Release\Date_Time.obj
         ace.dir\Release\DEV.obj
         ace.dir\Release\DEV_Addr.obj
         ace.dir\Release\DEV_Connector.obj
         ace.dir\Release\DEV_IO.obj
         ace.dir\Release\Dev_Poll_Reactor.obj
         ace.dir\Release\Dirent.obj
         ace.dir\Release\Dirent_Selector.obj
         ace.dir\Release\DLL.obj
         ace.dir\Release\DLL_Manager.obj
         ace.dir\Release\Dump.obj
         ace.dir\Release\Dynamic.obj
         ace.dir\Release\Dynamic_Message_Strategy.obj
         ace.dir\Release\Dynamic_Service_Base.obj
         ace.dir\Release\Dynamic_Service_Dependency.obj
         ace.dir\Release\Encoding_Converter.obj
         ace.dir\Release\Encoding_Converter_Factory.obj
         ace.dir\Release\Event.obj
         ace.dir\Release\Event_Handler.obj
         ace.dir\Release\FIFO.obj
         ace.dir\Release\FIFO_Recv.obj
         ace.dir\Release\FIFO_Recv_Msg.obj
         ace.dir\Release\FIFO_Send.obj
         ace.dir\Release\FIFO_Send_Msg.obj
         ace.dir\Release\FILE.obj
         ace.dir\Release\FILE_Addr.obj
         ace.dir\Release\FILE_Connector.obj
         ace.dir\Release\FILE_IO.obj
         ace.dir\Release\File_Lock.obj
         ace.dir\Release\Filecache.obj
         ace.dir\Release\Flag_Manip.obj
         ace.dir\Release\Framework_Component.obj
         ace.dir\Release\Functor.obj
         ace.dir\Release\Functor_String.obj
         ace.dir\Release\Get_Opt.obj
         ace.dir\Release\gethrtime.obj
         ace.dir\Release\Handle_Ops.obj
         ace.dir\Release\Handle_Set.obj
         ace.dir\Release\Hashable.obj
         ace.dir\Release\High_Res_Timer.obj
         ace.dir\Release\ICMP_Socket.obj
         ace.dir\Release\INET_Addr.obj
         ace.dir\Release\Init_ACE.obj
         ace.dir\Release\IO_Cntl_Msg.obj
         ace.dir\Release\IO_SAP.obj
         ace.dir\Release\IOStream.obj
         ace.dir\Release\IPC_SAP.obj
         ace.dir\Release\Lib_Find.obj
         ace.dir\Release\Local_Memory_Pool.obj
         ace.dir\Release\Local_Name_Space.obj
         ace.dir\Release\Local_Tokens.obj
         ace.dir\Release\Lock.obj
         ace.dir\Release\Log_Msg.obj
         ace.dir\Release\Log_Msg_Backend.obj
         ace.dir\Release\Log_Msg_Callback.obj
         ace.dir\Release\Log_Msg_IPC.obj
         ace.dir\Release\Log_Msg_NT_Event_Log.obj
         ace.dir\Release\Log_Msg_UNIX_Syslog.obj
         ace.dir\Release\Log_Record.obj
         ace.dir\Release\Logging_Strategy.obj
         ace.dir\Release\LSOCK.obj
         ace.dir\Release\LSOCK_Acceptor.obj
         ace.dir\Release\LSOCK_CODgram.obj
         ace.dir\Release\LSOCK_Connector.obj
         ace.dir\Release\LSOCK_Dgram.obj
         ace.dir\Release\LSOCK_Stream.obj
         ace.dir\Release\Malloc.obj
         ace.dir\Release\Malloc_Allocator.obj
         ace.dir\Release\Manual_Event.obj
         ace.dir\Release\MEM_Acceptor.obj
         ace.dir\Release\MEM_Addr.obj
         ace.dir\Release\MEM_Connector.obj
         ace.dir\Release\MEM_IO.obj
         ace.dir\Release\Mem_Map.obj
         ace.dir\Release\MEM_SAP.obj
         ace.dir\Release\MEM_Stream.obj
         ace.dir\Release\Message_Block.obj
         ace.dir\Release\Message_Queue.obj
         ace.dir\Release\Message_Queue_NT.obj
         ace.dir\Release\Message_Queue_Vx.obj
         ace.dir\Release\Method_Request.obj
         ace.dir\Release\MMAP_Memory_Pool.obj
         ace.dir\Release\Monitor_Admin.obj
         ace.dir\Release\Monitor_Admin_Manager.obj
         ace.dir\Release\Monitor_Base.obj
         ace.dir\Release\Monitor_Control_Action.obj
         ace.dir\Release\Monitor_Control_Types.obj
         ace.dir\Release\Monitor_Point_Registry.obj
         ace.dir\Release\Monitor_Size.obj
         ace.dir\Release\Msg_WFMO_Reactor.obj
         ace.dir\Release\Multihomed_INET_Addr.obj
         ace.dir\Release\Mutex.obj
         ace.dir\Release\Name_Proxy.obj
         ace.dir\Release\Name_Request_Reply.obj
         ace.dir\Release\Name_Space.obj
         ace.dir\Release\Naming_Context.obj
         ace.dir\Release\Netlink_Addr.obj
         ace.dir\Release\Notification_Queue.obj
         ace.dir\Release\Notification_Strategy.obj
         ace.dir\Release\NT_Service.obj
         ace.dir\Release\Obchunk.obj
         ace.dir\Release\Object_Manager.obj
         ace.dir\Release\Object_Manager_Base.obj
         ace.dir\Release\OS_Errno.obj
         ace.dir\Release\OS_Log_Msg_Attributes.obj
         ace.dir\Release\OS_main.obj
         ace.dir\Release\OS_NS_arpa_inet.obj
         ace.dir\Release\OS_NS_ctype.obj
         ace.dir\Release\OS_NS_dirent.obj
         ace.dir\Release\OS_NS_dlfcn.obj
         ace.dir\Release\OS_NS_errno.obj
         ace.dir\Release\OS_NS_fcntl.obj
         ace.dir\Release\OS_NS_math.obj
         ace.dir\Release\OS_NS_netdb.obj
         ace.dir\Release\OS_NS_poll.obj
         ace.dir\Release\OS_NS_pwd.obj
         ace.dir\Release\OS_NS_regex.obj
         ace.dir\Release\OS_NS_signal.obj
         ace.dir\Release\OS_NS_stdio.obj
         ace.dir\Release\OS_NS_stdlib.obj
         ace.dir\Release\OS_NS_string.obj
         ace.dir\Release\OS_NS_strings.obj
         ace.dir\Release\OS_NS_stropts.obj
         ace.dir\Release\OS_NS_sys_mman.obj
         ace.dir\Release\OS_NS_sys_msg.obj
         ace.dir\Release\OS_NS_sys_resource.obj
         ace.dir\Release\OS_NS_sys_select.obj
         ace.dir\Release\OS_NS_sys_sendfile.obj
         ace.dir\Release\OS_NS_sys_shm.obj
         ace.dir\Release\OS_NS_sys_socket.obj
         ace.dir\Release\OS_NS_sys_stat.obj
         ace.dir\Release\OS_NS_sys_time.obj
         ace.dir\Release\OS_NS_sys_uio.obj
         ace.dir\Release\OS_NS_sys_utsname.obj
         ace.dir\Release\OS_NS_sys_wait.obj
         ace.dir\Release\OS_NS_Thread.obj
         ace.dir\Release\OS_NS_time.obj
         ace.dir\Release\OS_NS_unistd.obj
         ace.dir\Release\OS_NS_wchar.obj
         ace.dir\Release\OS_QoS.obj
         ace.dir\Release\OS_Thread_Adapter.obj
         ace.dir\Release\OS_TLI.obj
         ace.dir\Release\Pagefile_Memory_Pool.obj
         ace.dir\Release\Parse_Node.obj
         ace.dir\Release\PI_Malloc.obj
         ace.dir\Release\Ping_Socket.obj
         ace.dir\Release\Pipe.obj
         ace.dir\Release\POSIX_Asynch_IO.obj
         ace.dir\Release\POSIX_CB_Proactor.obj
         ace.dir\Release\POSIX_Proactor.obj
         ace.dir\Release\Priority_Reactor.obj
         ace.dir\Release\Proactor.obj
         ace.dir\Release\Proactor_Impl.obj
         ace.dir\Release\Process.obj
         ace.dir\Release\Process_Manager.obj
         ace.dir\Release\Process_Mutex.obj
         ace.dir\Release\Process_Semaphore.obj
         ace.dir\Release\Profile_Timer.obj
         ace.dir\Release\Reactor.obj
         ace.dir\Release\Reactor_Impl.obj
         ace.dir\Release\Reactor_Notification_Strategy.obj
         ace.dir\Release\Reactor_Timer_Interface.obj
         ace.dir\Release\Read_Buffer.obj
         ace.dir\Release\Recursive_Thread_Mutex.obj
         ace.dir\Release\Recyclable.obj
         ace.dir\Release\Registry.obj
         ace.dir\Release\Registry_Name_Space.obj
         ace.dir\Release\Remote_Name_Space.obj
         ace.dir\Release\Remote_Tokens.obj
         ace.dir\Release\Rtems_init.obj
         ace.dir\Release\RW_Mutex.obj
         ace.dir\Release\RW_Process_Mutex.obj
         ace.dir\Release\RW_Thread_Mutex.obj
         ace.dir\Release\Sample_History.obj
         ace.dir\Release\Sbrk_Memory_Pool.obj
         ace.dir\Release\Sched_Params.obj
         ace.dir\Release\Select_Reactor_Base.obj
         ace.dir\Release\Semaphore.obj
         ace.dir\Release\Service_Config.obj
         ace.dir\Release\Service_Gestalt.obj
         ace.dir\Release\Service_Manager.obj
         ace.dir\Release\Service_Object.obj
         ace.dir\Release\Service_Repository.obj
         ace.dir\Release\Service_Types.obj
         ace.dir\Release\Shared_Memory.obj
         ace.dir\Release\Shared_Memory_MM.obj
         ace.dir\Release\Shared_Memory_Pool.obj
         ace.dir\Release\Shared_Memory_SV.obj
         ace.dir\Release\Shared_Object.obj
         ace.dir\Release\Sig_Adapter.obj
         ace.dir\Release\Sig_Handler.obj
         ace.dir\Release\Signal.obj
         ace.dir\Release\SOCK.obj
         ace.dir\Release\SOCK_Acceptor.obj
         ace.dir\Release\SOCK_CODgram.obj
         ace.dir\Release\Sock_Connect.obj
         ace.dir\Release\SOCK_Connector.obj
         ace.dir\Release\SOCK_Dgram.obj
         ace.dir\Release\SOCK_Dgram_Bcast.obj
         ace.dir\Release\SOCK_Dgram_Mcast.obj
         ace.dir\Release\SOCK_IO.obj
         ace.dir\Release\SOCK_Netlink.obj
         ace.dir\Release\SOCK_SEQPACK_Acceptor.obj
         ace.dir\Release\SOCK_SEQPACK_Association.obj
         ace.dir\Release\SOCK_SEQPACK_Connector.obj
         ace.dir\Release\SOCK_Stream.obj
         ace.dir\Release\SPIPE.obj
         ace.dir\Release\SPIPE_Acceptor.obj
         ace.dir\Release\SPIPE_Addr.obj
         ace.dir\Release\SPIPE_Connector.obj
         ace.dir\Release\SPIPE_Stream.obj
         ace.dir\Release\SString.obj
         ace.dir\Release\Stack_Trace.obj
         ace.dir\Release\Stats.obj
         ace.dir\Release\String_Base_Const.obj
         ace.dir\Release\SUN_Proactor.obj
         ace.dir\Release\SV_Message.obj
         ace.dir\Release\SV_Message_Queue.obj
         ace.dir\Release\SV_Semaphore_Complex.obj
         ace.dir\Release\SV_Semaphore_Simple.obj
         ace.dir\Release\SV_Shared_Memory.obj
         ace.dir\Release\Svc_Conf_Lexer.obj
         ace.dir\Release\Svc_Conf_y.obj
         ace.dir\Release\Synch_Options.obj
         ace.dir\Release\System_Time.obj
         ace.dir\Release\Task.obj
         ace.dir\Release\Thread.obj
         ace.dir\Release\Thread_Adapter.obj
         ace.dir\Release\Thread_Control.obj
         ace.dir\Release\Thread_Exit.obj
         ace.dir\Release\Thread_Hook.obj
         ace.dir\Release\Thread_Manager.obj
         ace.dir\Release\Thread_Mutex.obj
         ace.dir\Release\Thread_Semaphore.obj
         ace.dir\Release\Throughput_Stats.obj
         ace.dir\Release\Time_Value.obj
         ace.dir\Release\Timeprobe.obj
         ace.dir\Release\TLI.obj
         ace.dir\Release\TLI_Acceptor.obj
         ace.dir\Release\TLI_Connector.obj
         ace.dir\Release\TLI_Stream.obj
         ace.dir\Release\Token.obj
         ace.dir\Release\Token_Collection.obj
         ace.dir\Release\Token_Invariants.obj
         ace.dir\Release\Token_Manager.obj
         ace.dir\Release\Token_Request_Reply.obj
         ace.dir\Release\TP_Reactor.obj
         ace.dir\Release\Trace.obj
         ace.dir\Release\TSS_Adapter.obj
         ace.dir\Release\TTY_IO.obj
         ace.dir\Release\UNIX_Addr.obj
         ace.dir\Release\UPIPE_Acceptor.obj
         ace.dir\Release\UPIPE_Connector.obj
         ace.dir\Release\UPIPE_Stream.obj
         ace.dir\Release\UTF16_Encoding_Converter.obj
         ace.dir\Release\UTF32_Encoding_Converter.obj
         ace.dir\Release\UTF8_Encoding_Converter.obj
         ace.dir\Release\UUID.obj
         ace.dir\Release\WFMO_Reactor.obj
         ace.dir\Release\WIN32_Asynch_IO.obj
         ace.dir\Release\WIN32_Proactor.obj
         ace.dir\Release\XML_Svc_Conf.obj
         ace.dir\Release\XTI_ATM_Mcast.obj  /machine:X86 
            Creating library C:/RevoCore/LATEST BUILD/dep/acelite/ace/Release/ace.lib and object C:/RevoCore/LATEST BUILD/dep/acelite/ace/Release/ace.exp
         ace.vcxproj -> C:\RevoCore\LATEST BUILD\bin\Release\ace.dll
       Manifest:
         C:\Program Files (x86)\Microsoft SDKs\Windows\v7.0A\bin\mt.exe /nologo /verbose /outputresource:"C:\RevoCore\LATEST BUILD\bin\Release\ace.dll;#2" /manifest ace.dir\Release\ace.dll.intermediate.manifest
       FinalizeBuildStatus:
         Deleting file "ace.dir\Release\ace.unsuccessfulbuild".
         Touching "ace.dir\Release\ace.lastbuildstate".
     1>Done Building Project "C:\RevoCore\LATEST BUILD\dep\acelite\ace\ace.vcxproj" (build target(s)).

Build succeeded.

Time Elapsed 00:00:44.03
