Build started 3/5/2012 7:50:11 PM.
     1>Project "C:\RevoCore\LATEST BUILD\src\server\scripts\scripts.vcxproj" on node 3 (build target(s)).
     1>InitializeBuildStatus:
         Touching "scripts.dir\Release\scripts.unsuccessfulbuild".
       CustomBuild:
         All outputs are up-to-date.
       ClCompile:
         All outputs are up-to-date.
         C:\Program Files (x86)\Microsoft Visual Studio 10.0\VC\bin\CL.exe /c /I"C:/RevoCore/LATEST BUILD/src/server/scripts" /I"C:/RevoCore/LATEST BUILD" /IC:/RevoCore/dep/SFMT /IC:/RevoCore/dep/mersennetwister /IC:/RevoCore/dep/zlib /IC:/RevoCore/src/server/shared /IC:/RevoCore/src/server/shared/Configuration /IC:/RevoCore/src/server/shared/Cryptography /IC:/RevoCore/src/server/shared/Database /IC:/RevoCore/src/server/shared/DataStores /IC:/RevoCore/src/server/shared/Debugging /IC:/RevoCore/src/server/shared/Dynamic/LinkedReference /IC:/RevoCore/src/server/shared/Dynamic /IC:/RevoCore/src/server/shared/Logging /IC:/RevoCore/src/server/shared/Packets /IC:/RevoCore/src/server/shared/Threading /IC:/RevoCore/src/server/shared/Utilities /IC:/RevoCore/src/server/collision /IC:/RevoCore/src/server/collision/Management /IC:/RevoCore/src/server/game/Accounts /IC:/RevoCore/src/server/game/Achievements /IC:/RevoCore/src/server/game/Addons /IC:/RevoCore/src/server/game/AI /IC:/RevoCore/src/server/game/AI/CoreAI /IC:/RevoCore/src/server/game/AI/EventAI /IC:/RevoCore/src/server/game/AI/ScriptedAI /IC:/RevoCore/src/server/game/AI/SmartScripts /IC:/RevoCore/src/server/game/AuctionHouse /IC:/RevoCore/src/server/game/Battlegrounds /IC:/RevoCore/src/server/game/Battlegrounds/Zones /IC:/RevoCore/src/server/game/Calendar /IC:/RevoCore/src/server/game/Chat /IC:/RevoCore/src/server/game/Chat/Channels /IC:/RevoCore/src/server/game/Conditions /IC:/RevoCore/src/server/game/Combat /IC:/RevoCore/src/server/game/DataStores /IC:/RevoCore/src/server/game/DungeonFinding /IC:/RevoCore/src/server/game/Entities/Corpse /IC:/RevoCore/src/server/game/Entities/Creature /IC:/RevoCore/src/server/game/Entities/DynamicObject /IC:/RevoCore/src/server/game/Entities/Item /IC:/RevoCore/src/server/game/Entities/Item/Container /IC:/RevoCore/src/server/game/Entities/GameObject /IC:/RevoCore/src/server/game/Entities/Object /IC:/RevoCore/src/server/game/Entities/Object/Updates /IC:/RevoCore/src/server/game/Entities/Pet /IC:/RevoCore/src/server/game/Entities/Player /IC:/RevoCore/src/server/game/Entities/Transport /IC:/RevoCore/src/server/game/Entities/Unit /IC:/RevoCore/src/server/game/Entities/Vehicle /IC:/RevoCore/src/server/game/Events /IC:/RevoCore/src/server/game/Globals /IC:/RevoCore/src/server/game/Grids /IC:/RevoCore/src/server/game/Grids/Cells /IC:/RevoCore/src/server/game/Grids/Notifiers /IC:/RevoCore/src/server/game/Groups /IC:/RevoCore/src/server/game/Guilds /IC:/RevoCore/src/server/game/Handlers /IC:/RevoCore/src/server/game/Instances /IC:/RevoCore/src/server/game/LookingForGroup /IC:/RevoCore/src/server/game/Loot /IC:/RevoCore/src/server/game/Mails /IC:/RevoCore/src/server/game/Miscellaneous /IC:/RevoCore/src/server/game/Maps /IC:/RevoCore/src/server/game/Movement /IC:/RevoCore/src/server/game/Movement/MovementGenerators /IC:/RevoCore/src/server/game/Movement/Waypoints /IC:/RevoCore/src/server/game/Opcodes /IC:/RevoCore/src/server/game/OutdoorPvP /IC:/RevoCore/src/server/game/Pools /IC:/RevoCore/src/server/game/PrecompiledHeaders /IC:/RevoCore/src/server/game/Quests /IC:/RevoCore/src/server/game/Reputation /IC:/RevoCore/src/server/game/Scripting /IC:/RevoCore/src/server/game/Server /IC:/RevoCore/src/server/game/Server/Protocol /IC:/RevoCore/src/server/game/Skills /IC:/RevoCore/src/server/game/Spells /IC:/RevoCore/src/server/game/Spells/Auras /IC:/RevoCore/src/server/game/Texts /IC:/RevoCore/src/server/game/Tickets /IC:/RevoCore/src/server/game/Tools /IC:/RevoCore/src/server/game/Weather /IC:/RevoCore/src/server/game/World /IC:/RevoCore/src/server/scripts/PrecompiledHeaders /IC:/RevoCore/dep/acelite /IC:/RevoCore/dep/mysqllite/include /nologo /W3 /WX- /MP /O2 /Ob2 /Oy- /D WIN32 /D _WINDOWS /D NDEBUG /D "_BUILD_DIRECTIVE=\"Release\"" /D _CRT_SECURE_CPP_OVERLOAD_STANDARD_NAMES /D _CRT_SECURE_NO_WARNINGS /D _CRT_NONSTDC_NO_WARNINGS /D SCRIPTS /D "CMAKE_INTDIR=\"Release\"" /D _MBCS /Gm- /EHsc /MD /GS /fp:precise /Zc:wchar_t /Zc:forScope /GR /Yu"C:/RevoCore/src/server/scripts/PrecompiledHeaders/ScriptPCH.h" /Fp"scripts.dir\Release\scripts.pch" /Fo"scripts.dir\Release\\" /Fd"C:/RevoCore/LATEST BUILD/src/server/scripts/Release/scripts.pdb" /Gd /TP /wd4996 /wd4355 /wd4244 /wd4985 /wd4267 /wd4619 /FIC:/RevoCore/src/server/scripts/PrecompiledHeaders/ScriptPCH.h /analyze- /errorReport:prompt C:\RevoCore\src\server\scripts\Northrend\IcecrownCitadel\icecrown_citadel.cpp  /Zm1000 
         icecrown_citadel.cpp
       Lib:
         C:\Program Files (x86)\Microsoft Visual Studio 10.0\VC\bin\Lib.exe /OUT:"C:\RevoCore\LATEST BUILD\src\server\scripts\Release\scripts.lib" /NOLOGO scripts.dir\Release\ScriptPCH.obj
         scripts.dir\Release\spell_shaman.obj
         scripts.dir\Release\spell_hunter.obj
         scripts.dir\Release\spell_rogue.obj
         scripts.dir\Release\spell_druid.obj
         scripts.dir\Release\spell_dk.obj
         scripts.dir\Release\spell_quest.obj
         scripts.dir\Release\spell_warrior.obj
         scripts.dir\Release\spell_generic.obj
         scripts.dir\Release\spell_warlock.obj
         scripts.dir\Release\spell_priest.obj
         scripts.dir\Release\spell_mage.obj
         scripts.dir\Release\spell_paladin.obj
         scripts.dir\Release\spell_item.obj
         scripts.dir\Release\cs_account.obj
         scripts.dir\Release\cs_achievement.obj
         scripts.dir\Release\cs_debug.obj
         scripts.dir\Release\cs_event.obj
         scripts.dir\Release\cs_gm.obj
         scripts.dir\Release\cs_go.obj
         scripts.dir\Release\cs_gobject.obj
         scripts.dir\Release\cs_gps.obj
         scripts.dir\Release\cs_honor.obj
         scripts.dir\Release\cs_learn.obj
         scripts.dir\Release\cs_misc.obj
         scripts.dir\Release\cs_modify.obj
         scripts.dir\Release\cs_npc.obj
         scripts.dir\Release\cs_quest.obj
         scripts.dir\Release\cs_reload.obj
         scripts.dir\Release\cs_tele.obj
         scripts.dir\Release\cs_titles.obj
         scripts.dir\Release\cs_wp.obj
         scripts.dir\Release\example_misc.obj
         scripts.dir\Release\example_gossip_codebox.obj
         scripts.dir\Release\example_escort.obj
         scripts.dir\Release\example_creature.obj
         scripts.dir\Release\example_spell.obj
         scripts.dir\Release\example_commandscript.obj
         scripts.dir\Release\ScriptedEscortAI.obj
         scripts.dir\Release\ScriptedCreature.obj
         scripts.dir\Release\ScriptedFollowerAI.obj
         scripts.dir\Release\ScriptedSimpleAI.obj
         scripts.dir\Release\achievement_scripts.obj
         scripts.dir\Release\areatrigger_scripts.obj
         scripts.dir\Release\boss_emerald_dragons.obj
         scripts.dir\Release\chat_log.obj
         scripts.dir\Release\go_scripts.obj
         scripts.dir\Release\guards.obj
         scripts.dir\Release\item_scripts.obj
         scripts.dir\Release\mob_generic_creature.obj
         scripts.dir\Release\npc_innkeeper.obj
         scripts.dir\Release\npc_professions.obj
         scripts.dir\Release\npc_taxi.obj
         scripts.dir\Release\npcs_special.obj
         scripts.dir\Release\OutdoorPvPTF.obj
         scripts.dir\Release\OutdoorPvPSI.obj
         scripts.dir\Release\OutdoorPvPZM.obj
         scripts.dir\Release\OutdoorPvPNA.obj
         scripts.dir\Release\OutdoorPvPHP.obj
         scripts.dir\Release\OutdoorPvPEP.obj
         scripts.dir\Release\ghostlands.obj
         scripts.dir\Release\eversong_woods.obj
         scripts.dir\Release\boss_galvangar.obj
         scripts.dir\Release\boss_balinda.obj
         scripts.dir\Release\boss_drekthar.obj
         scripts.dir\Release\boss_vanndar.obj
         scripts.dir\Release\alterac_valley.obj
         scripts.dir\Release\boss_the_ravenian.obj
         scripts.dir\Release\boss_instructor_malicia.obj
         scripts.dir\Release\boss_death_knight_darkreaver.obj
         scripts.dir\Release\boss_illucia_barov.obj
         scripts.dir\Release\boss_vectus.obj
         scripts.dir\Release\boss_jandice_barov.obj
         scripts.dir\Release\boss_kormok.obj
         scripts.dir\Release\boss_lord_alexei_barov.obj
         scripts.dir\Release\boss_doctor_theolen_krastinov.obj
         scripts.dir\Release\boss_darkmaster_gandling.obj
         scripts.dir\Release\instance_scholomance.obj
         scripts.dir\Release\boss_lorekeeper_polkelt.obj
         scripts.dir\Release\boss_ras_frostwhisper.obj
         scripts.dir\Release\isle_of_queldanas.obj
         scripts.dir\Release\boss_kruul.obj
         scripts.dir\Release\searing_gorge.obj
         scripts.dir\Release\boss_hakkar.obj
         scripts.dir\Release\boss_mandokir.obj
         scripts.dir\Release\boss_marli.obj
         scripts.dir\Release\boss_hazzarah.obj
         scripts.dir\Release\boss_jeklik.obj
         scripts.dir\Release\boss_grilek.obj
         scripts.dir\Release\boss_renataki.obj
         scripts.dir\Release\boss_arlokk.obj
         scripts.dir\Release\boss_gahzranka.obj
         scripts.dir\Release\boss_venoxis.obj
         scripts.dir\Release\instance_zulgurub.obj
         scripts.dir\Release\boss_jindo.obj
         scripts.dir\Release\boss_wushoolay.obj
         scripts.dir\Release\boss_thekal.obj
         scripts.dir\Release\wetlands.obj
         scripts.dir\Release\arathi_highlands.obj
         scripts.dir\Release\instance_gnomeregan.obj
         scripts.dir\Release\gnomeregan.obj
         scripts.dir\Release\redridge_mountains.obj
         scripts.dir\Release\boss_high_interrogator_gerstahn.obj
         scripts.dir\Release\boss_gorosh_the_dervish.obj
         scripts.dir\Release\blackrock_depths.obj
         scripts.dir\Release\boss_anubshiah.obj
         scripts.dir\Release\boss_tomb_of_seven.obj
         scripts.dir\Release\boss_general_angerforge.obj
         scripts.dir\Release\boss_grizzle.obj
         scripts.dir\Release\boss_ambassador_flamelash.obj
         scripts.dir\Release\instance_blackrock_depths.obj
         scripts.dir\Release\boss_moira_bronzebeard.obj
         scripts.dir\Release\boss_emperor_dagran_thaurissan.obj
         scripts.dir\Release\boss_magmus.obj
         scripts.dir\Release\ironforge.obj
         scripts.dir\Release\chapter2.obj
         scripts.dir\Release\chapter5.obj
         scripts.dir\Release\chapter1.obj
         scripts.dir\Release\the_scarlet_enclave.obj
         scripts.dir\Release\eastern_plaguelands.obj
         scripts.dir\Release\boss_gehennas.obj
         scripts.dir\Release\boss_lucifron.obj
         scripts.dir\Release\boss_golemagg.obj
         scripts.dir\Release\boss_majordomo_executus.obj
         scripts.dir\Release\boss_baron_geddon.obj
         scripts.dir\Release\boss_ragnaros.obj
         scripts.dir\Release\boss_garr.obj
         scripts.dir\Release\instance_molten_core.obj
         scripts.dir\Release\boss_sulfuron_harbinger.obj
         scripts.dir\Release\boss_magmadar.obj
         scripts.dir\Release\molten_core.obj
         scripts.dir\Release\boss_shazzrah.obj
         scripts.dir\Release\boss_baroness_anastari.obj
         scripts.dir\Release\boss_nerubenkan.obj
         scripts.dir\Release\instance_stratholme.obj
         scripts.dir\Release\boss_dathrohan_balnazzar.obj
         scripts.dir\Release\boss_timmy_the_cruel.obj
         scripts.dir\Release\boss_baron_rivendare.obj
         scripts.dir\Release\boss_magistrate_barthilas.obj
         scripts.dir\Release\boss_order_of_silver_hand.obj
         scripts.dir\Release\boss_ramstein_the_gorger.obj
         scripts.dir\Release\boss_cannon_master_willey.obj
         scripts.dir\Release\boss_maleki_the_pallid.obj
         scripts.dir\Release\boss_postmaster_malown.obj
         scripts.dir\Release\stratholme.obj
         scripts.dir\Release\tirisfal_glades.obj
         scripts.dir\Release\sunken_temple.obj
         scripts.dir\Release\instance_sunken_temple.obj
         scripts.dir\Release\boss_felblood_kaelthas.obj
         scripts.dir\Release\boss_priestess_delrissa.obj
         scripts.dir\Release\instance_magisters_terrace.obj
         scripts.dir\Release\boss_selin_fireheart.obj
         scripts.dir\Release\boss_vexallus.obj
         scripts.dir\Release\magisters_terrace.obj
         scripts.dir\Release\uldaman.obj
         scripts.dir\Release\boss_ironaya.obj
         scripts.dir\Release\instance_uldaman.obj
         scripts.dir\Release\boss_archaedas.obj
         scripts.dir\Release\swamp_of_sorrows.obj
         scripts.dir\Release\boss_pyroguard_emberseer.obj
         scripts.dir\Release\boss_drakkisath.obj
         scripts.dir\Release\boss_warmaster_voone.obj
         scripts.dir\Release\boss_mother_smolderweb.obj
         scripts.dir\Release\boss_quartermaster_zigris.obj
         scripts.dir\Release\boss_halycon.obj
         scripts.dir\Release\boss_overlord_wyrmthalak.obj
         scripts.dir\Release\boss_shadow_hunter_voshgajin.obj
         scripts.dir\Release\boss_gyth.obj
         scripts.dir\Release\boss_rend_blackhand.obj
         scripts.dir\Release\boss_highlord_omokk.obj
         scripts.dir\Release\boss_the_beast.obj
         scripts.dir\Release\instance_blackrock_spire.obj
         scripts.dir\Release\boss_eredar_twins.obj
         scripts.dir\Release\boss_kiljaeden.obj
         scripts.dir\Release\boss_muru.obj
         scripts.dir\Release\instance_sunwell_plateau.obj
         scripts.dir\Release\boss_kalecgos.obj
         scripts.dir\Release\boss_brutallus.obj
         scripts.dir\Release\sunwell_plateau.obj
         scripts.dir\Release\boss_felmyst.obj
         scripts.dir\Release\stranglethorn_vale.obj
         scripts.dir\Release\deadmines.obj
         scripts.dir\Release\boss_mr_smite.obj
         scripts.dir\Release\instance_deadmines.obj
         scripts.dir\Release\duskwood.obj
         scripts.dir\Release\boss_azshir_the_sleepless.obj
         scripts.dir\Release\boss_mograine_and_whitemane.obj
         scripts.dir\Release\boss_bloodmage_thalnos.obj
         scripts.dir\Release\boss_interrogator_vishas.obj
         scripts.dir\Release\boss_headless_horseman.obj
         scripts.dir\Release\instance_scarlet_monastery.obj
         scripts.dir\Release\boss_houndmaster_loksey.obj
         scripts.dir\Release\boss_high_inquisitor_fairbanks.obj
         scripts.dir\Release\boss_arcanist_doan.obj
         scripts.dir\Release\boss_herod.obj
         scripts.dir\Release\boss_scorn.obj
         scripts.dir\Release\undercity.obj
         scripts.dir\Release\silvermoon_city.obj
         scripts.dir\Release\loch_modan.obj
         scripts.dir\Release\shadowfang_keep.obj
         scripts.dir\Release\instance_shadowfang_keep.obj
         scripts.dir\Release\burning_steppes.obj
         scripts.dir\Release\boss_chromaggus.obj
         scripts.dir\Release\boss_razorgore.obj
         scripts.dir\Release\boss_firemaw.obj
         scripts.dir\Release\boss_broodlord_lashlayer.obj
         scripts.dir\Release\boss_ebonroc.obj
         scripts.dir\Release\instance_blackwing_lair.obj
         scripts.dir\Release\boss_vaelastrasz.obj
         scripts.dir\Release\boss_nefarian.obj
         scripts.dir\Release\boss_flamegor.obj
         scripts.dir\Release\boss_victor_nefarius.obj
         scripts.dir\Release\blasted_lands.obj
         scripts.dir\Release\stormwind_city.obj
         scripts.dir\Release\boss_halazzi.obj
         scripts.dir\Release\boss_hexlord.obj
         scripts.dir\Release\boss_zuljin.obj
         scripts.dir\Release\boss_akilzon.obj
         scripts.dir\Release\instance_zulaman.obj
         scripts.dir\Release\boss_janalai.obj
         scripts.dir\Release\boss_nalorakk.obj
         scripts.dir\Release\zulaman.obj
         scripts.dir\Release\hinterlands.obj
         scripts.dir\Release\western_plaguelands.obj
         scripts.dir\Release\alterac_mountains.obj
         scripts.dir\Release\westfall.obj
         scripts.dir\Release\silverpine_forest.obj
         scripts.dir\Release\instance_karazhan.obj
         scripts.dir\Release\boss_nightbane.obj
         scripts.dir\Release\karazhan.obj
         scripts.dir\Release\boss_curator.obj
         scripts.dir\Release\boss_shade_of_aran.obj
         scripts.dir\Release\boss_netherspite.obj
         scripts.dir\Release\boss_maiden_of_virtue.obj
         scripts.dir\Release\boss_midnight.obj
         scripts.dir\Release\boss_prince_malchezaar.obj
         scripts.dir\Release\bosses_opera.obj
         scripts.dir\Release\boss_moroes.obj
         scripts.dir\Release\boss_terestian_illhoof.obj
         scripts.dir\Release\stonetalon_mountains.obj
         scripts.dir\Release\silithus.obj
         scripts.dir\Release\moonglade.obj
         scripts.dir\Release\razorfen_downs.obj
         scripts.dir\Release\instance_razorfen_downs.obj
         scripts.dir\Release\boss_amnennar_the_coldbringer.obj
         scripts.dir\Release\zulfarrak.obj
         scripts.dir\Release\instance_zulfarrak.obj
         scripts.dir\Release\boss_epoch_hunter.obj
         scripts.dir\Release\boss_leutenant_drake.obj
         scripts.dir\Release\old_hillsbrad.obj
         scripts.dir\Release\instance_old_hillsbrad.obj
         scripts.dir\Release\boss_captain_skarloc.obj
         scripts.dir\Release\boss_archimonde.obj
         scripts.dir\Release\boss_kazrogal.obj
         scripts.dir\Release\hyjal_trash.obj
         scripts.dir\Release\hyjal.obj
         scripts.dir\Release\hyjalAI.obj
         scripts.dir\Release\instance_hyjal.obj
         scripts.dir\Release\boss_rage_winterchill.obj
         scripts.dir\Release\boss_azgalor.obj
         scripts.dir\Release\boss_anetheron.obj
         scripts.dir\Release\boss_infinite.obj
         scripts.dir\Release\boss_salramm.obj
         scripts.dir\Release\boss_meathook.obj
         scripts.dir\Release\boss_mal_ganis.obj
         scripts.dir\Release\boss_epoch.obj
         scripts.dir\Release\culling_of_stratholme.obj
         scripts.dir\Release\instance_culling_of_stratholme.obj
         scripts.dir\Release\instance_dark_portal.obj
         scripts.dir\Release\boss_chrono_lord_deja.obj
         scripts.dir\Release\dark_portal.obj
         scripts.dir\Release\boss_aeonus.obj
         scripts.dir\Release\boss_temporus.obj
         scripts.dir\Release\boss_kelris.obj
         scripts.dir\Release\instance_blackfathom_deeps.obj
         scripts.dir\Release\boss_gelihast.obj
         scripts.dir\Release\blackfathom_deeps.obj
         scripts.dir\Release\boss_aku_mai.obj
         scripts.dir\Release\azuremyst_isle.obj
         scripts.dir\Release\orgrimmar.obj
         scripts.dir\Release\desolace.obj
         scripts.dir\Release\feralas.obj
         scripts.dir\Release\boss_princess_theradras.obj
         scripts.dir\Release\boss_landslide.obj
         scripts.dir\Release\boss_celebras_the_cursed.obj
         scripts.dir\Release\boss_noxxion.obj
         scripts.dir\Release\boss_fankriss.obj
         scripts.dir\Release\boss_huhuran.obj
         scripts.dir\Release\instance_temple_of_ahnqiraj.obj
         scripts.dir\Release\mob_anubisath_sentinel.obj
         scripts.dir\Release\boss_viscidus.obj
         scripts.dir\Release\boss_twinemperors.obj
         scripts.dir\Release\boss_sartura.obj
         scripts.dir\Release\boss_cthun.obj
         scripts.dir\Release\boss_skeram.obj
         scripts.dir\Release\boss_ouro.obj
         scripts.dir\Release\boss_bug_trio.obj
         scripts.dir\Release\darkshore.obj
         scripts.dir\Release\boss_buru.obj
         scripts.dir\Release\instance_ruins_of_ahnqiraj.obj
         scripts.dir\Release\boss_rajaxx.obj
         scripts.dir\Release\boss_ossirian.obj
         scripts.dir\Release\boss_ayamiss.obj
         scripts.dir\Release\boss_moam.obj
         scripts.dir\Release\boss_kurinnaxx.obj
         scripts.dir\Release\mulgore.obj
         scripts.dir\Release\bloodmyst_isle.obj
         scripts.dir\Release\thunder_bluff.obj
         scripts.dir\Release\azshara.obj
         scripts.dir\Release\instance_razorfen_kraul.obj
         scripts.dir\Release\razorfen_kraul.obj
         scripts.dir\Release\the_barrens.obj
         scripts.dir\Release\ungoro_crater.obj
         scripts.dir\Release\instance_wailing_caverns.obj
         scripts.dir\Release\wailing_caverns.obj
         scripts.dir\Release\durotar.obj
         scripts.dir\Release\felwood.obj
         scripts.dir\Release\boss_azuregos.obj
         scripts.dir\Release\tanaris.obj
         scripts.dir\Release\dustwallow_marsh.obj
         scripts.dir\Release\winterspring.obj
         scripts.dir\Release\thousand_needles.obj
         scripts.dir\Release\ashenvale.obj
         scripts.dir\Release\teldrassil.obj
         scripts.dir\Release\boss_onyxia.obj
         scripts.dir\Release\instance_onyxias_lair.obj
         scripts.dir\Release\nagrand.obj
         scripts.dir\Release\instance_magtheridons_lair.obj
         scripts.dir\Release\boss_magtheridon.obj
         scripts.dir\Release\instance_hellfire_ramparts.obj
         scripts.dir\Release\boss_omor_the_unscarred.obj
         scripts.dir\Release\boss_watchkeeper_gargolmar.obj
         scripts.dir\Release\boss_vazruden_the_herald.obj
         scripts.dir\Release\boss_the_maker.obj
         scripts.dir\Release\boss_kelidan_the_breaker.obj
         scripts.dir\Release\instance_blood_furnace.obj
         scripts.dir\Release\boss_broggok.obj
         scripts.dir\Release\boss_warchief_kargath_bladefist.obj
         scripts.dir\Release\boss_nethekurse.obj
         scripts.dir\Release\instance_shattered_halls.obj
         scripts.dir\Release\boss_warbringer_omrogg.obj
         scripts.dir\Release\boss_mekgineer_steamrigger.obj
         scripts.dir\Release\instance_steam_vault.obj
         scripts.dir\Release\boss_hydromancer_thespia.obj
         scripts.dir\Release\boss_warlord_kalithresh.obj
         scripts.dir\Release\boss_hydross_the_unstable.obj
         scripts.dir\Release\boss_fathomlord_karathress.obj
         scripts.dir\Release\instance_serpent_shrine.obj
         scripts.dir\Release\boss_lady_vashj.obj
         scripts.dir\Release\boss_leotheras_the_blind.obj
         scripts.dir\Release\boss_lurker_below.obj
         scripts.dir\Release\boss_morogrim_tidewalker.obj
         scripts.dir\Release\boss_hungarfen.obj
         scripts.dir\Release\boss_the_black_stalker.obj
         scripts.dir\Release\shattrath_city.obj
         scripts.dir\Release\boss_mechano_lord_capacitus.obj
         scripts.dir\Release\boss_pathaleon_the_calculator.obj
         scripts.dir\Release\boss_nethermancer_sepethrea.obj
         scripts.dir\Release\boss_gatewatcher_gyrokill.obj
         scripts.dir\Release\instance_mechanar.obj
         scripts.dir\Release\boss_gatewatcher_ironhand.obj
         scripts.dir\Release\instance_the_eye.obj
         scripts.dir\Release\boss_void_reaver.obj
         scripts.dir\Release\boss_astromancer.obj
         scripts.dir\Release\boss_alar.obj
         scripts.dir\Release\boss_kaelthas.obj
         scripts.dir\Release\the_eye.obj
         scripts.dir\Release\boss_high_botanist_freywinn.obj
         scripts.dir\Release\boss_warp_splinter.obj
         scripts.dir\Release\boss_laj.obj
         scripts.dir\Release\boss_harbinger_skyriss.obj
         scripts.dir\Release\instance_arcatraz.obj
         scripts.dir\Release\arcatraz.obj
         scripts.dir\Release\boss_shirrak_the_dead_watcher.obj
         scripts.dir\Release\boss_exarch_maladaar.obj
         scripts.dir\Release\boss_pandemonius.obj
         scripts.dir\Release\boss_nexusprince_shaffar.obj
         scripts.dir\Release\boss_tailonking_ikiss.obj
         scripts.dir\Release\boss_darkweaver_syth.obj
         scripts.dir\Release\instance_sethekk_halls.obj
         scripts.dir\Release\boss_murmur.obj
         scripts.dir\Release\boss_ambassador_hellmaw.obj
         scripts.dir\Release\boss_blackheart_the_inciter.obj
         scripts.dir\Release\instance_shadow_labyrinth.obj
         scripts.dir\Release\boss_grandmaster_vorpil.obj
         scripts.dir\Release\boss_doomwalker.obj
         scripts.dir\Release\terokkar_forest.obj
         scripts.dir\Release\hellfire_peninsula.obj
         scripts.dir\Release\boss_doomlord_kazzak.obj
         scripts.dir\Release\boss_teron_gorefiend.obj
         scripts.dir\Release\illidari_council.obj
         scripts.dir\Release\boss_shade_of_akama.obj
         scripts.dir\Release\boss_supremus.obj
         scripts.dir\Release\black_temple.obj
         scripts.dir\Release\boss_mother_shahraz.obj
         scripts.dir\Release\instance_black_temple.obj
         scripts.dir\Release\boss_reliquary_of_souls.obj
         scripts.dir\Release\boss_warlord_najentus.obj
         scripts.dir\Release\boss_bloodboil.obj
         scripts.dir\Release\boss_illidan.obj
         scripts.dir\Release\shadowmoon_valley.obj
         scripts.dir\Release\blades_edge_mountains.obj
         scripts.dir\Release\boss_high_king_maulgar.obj
         scripts.dir\Release\boss_gruul.obj
         scripts.dir\Release\instance_gruuls_lair.obj
         scripts.dir\Release\netherstorm.obj
         scripts.dir\Release\zangarmarsh.obj
         scripts.dir\Release\isle_of_conquest.obj
         scripts.dir\Release\storm_peaks.obj
         scripts.dir\Release\instance_halls_of_lightning.obj
         scripts.dir\Release\boss_bjarngrim.obj
         scripts.dir\Release\boss_ionar.obj
         scripts.dir\Release\boss_volkhan.obj
         scripts.dir\Release\boss_loken.obj
         scripts.dir\Release\boss_general_vezax.obj
         scripts.dir\Release\ulduar_teleporter.obj
         scripts.dir\Release\boss_thorim.obj
         scripts.dir\Release\boss_ignis.obj
         scripts.dir\Release\boss_algalon.obj
         scripts.dir\Release\instance_ulduar.obj
         scripts.dir\Release\boss_auriaya.obj
         scripts.dir\Release\boss_yoggsaron.obj
         scripts.dir\Release\boss_hodir.obj
         scripts.dir\Release\boss_assembly_of_iron.obj
         scripts.dir\Release\boss_flame_leviathan.obj
         scripts.dir\Release\boss_xt002.obj
         scripts.dir\Release\boss_mimiron.obj
         scripts.dir\Release\boss_freya.obj
         scripts.dir\Release\boss_razorscale.obj
         scripts.dir\Release\boss_kologarn.obj
         scripts.dir\Release\boss_krystallus.obj
         scripts.dir\Release\instance_halls_of_stone.obj
         scripts.dir\Release\boss_maiden_of_grief.obj
         scripts.dir\Release\boss_sjonnir.obj
         scripts.dir\Release\halls_of_stone.obj
         scripts.dir\Release\instance_obsidian_sanctum.obj
         scripts.dir\Release\boss_sartharion.obj
         scripts.dir\Release\instance_ruby_sanctum.obj
         scripts.dir\Release\ruby_sanctum.obj
         scripts.dir\Release\boss_baltharus_the_warborn.obj
         scripts.dir\Release\boss_saviana_ragefire.obj
         scripts.dir\Release\boss_general_zarithrian.obj
         scripts.dir\Release\boss_halion.obj
         scripts.dir\Release\boss_falric.obj
         scripts.dir\Release\instance_halls_of_reflection.obj
         scripts.dir\Release\halls_of_reflection.obj
         scripts.dir\Release\boss_marwyn.obj
         scripts.dir\Release\boss_forgemaster_garfrost.obj
         scripts.dir\Release\boss_krickandick.obj
         scripts.dir\Release\pit_of_saron.obj
         scripts.dir\Release\boss_scourgelord_tyrannus.obj
         scripts.dir\Release\instance_pit_of_saron.obj
         scripts.dir\Release\forge_of_souls.obj
         scripts.dir\Release\boss_bronjahm.obj
         scripts.dir\Release\instance_forge_of_souls.obj
         scripts.dir\Release\boss_devourer_of_souls.obj
         scripts.dir\Release\boss_malygos.obj
         scripts.dir\Release\instance_eye_of_eternity.obj
         scripts.dir\Release\boss_eregos.obj
         scripts.dir\Release\boss_drakos.obj
         scripts.dir\Release\boss_varos.obj
         scripts.dir\Release\boss_urom.obj
         scripts.dir\Release\oculus.obj
         scripts.dir\Release\instance_oculus.obj
         scripts.dir\Release\commander_kolurg.obj
         scripts.dir\Release\commander_stoutbeard.obj
         scripts.dir\Release\boss_ormorok.obj
         scripts.dir\Release\boss_magus_telestra.obj
         scripts.dir\Release\instance_nexus.obj
         scripts.dir\Release\boss_keristrasza.obj
         scripts.dir\Release\boss_anomalus.obj
         scripts.dir\Release\boss_anubarak_trial.obj
         scripts.dir\Release\boss_faction_champions.obj
         scripts.dir\Release\boss_lord_jaraxxus.obj
         scripts.dir\Release\boss_northrend_beasts.obj
         scripts.dir\Release\trial_of_the_crusader.obj
         scripts.dir\Release\boss_twin_valkyr.obj
         scripts.dir\Release\instance_trial_of_the_crusader.obj
         scripts.dir\Release\trial_of_the_champion.obj
         scripts.dir\Release\boss_grand_champions.obj
         scripts.dir\Release\boss_black_knight.obj
         scripts.dir\Release\instance_trial_of_the_champion.obj
         scripts.dir\Release\boss_argent_challenge.obj
         scripts.dir\Release\boss_loatheb.obj
         scripts.dir\Release\boss_anubrekhan.obj
         scripts.dir\Release\boss_maexxna.obj
         scripts.dir\Release\boss_patchwerk.obj
         scripts.dir\Release\boss_gothik.obj
         scripts.dir\Release\boss_faerlina.obj
         scripts.dir\Release\boss_gluth.obj
         scripts.dir\Release\boss_four_horsemen.obj
         scripts.dir\Release\boss_kelthuzad.obj
         scripts.dir\Release\boss_heigan.obj
         scripts.dir\Release\boss_thaddius.obj
         scripts.dir\Release\boss_razuvious.obj
         scripts.dir\Release\boss_sapphiron.obj
         scripts.dir\Release\instance_naxxramas.obj
         scripts.dir\Release\boss_grobbulus.obj
         scripts.dir\Release\boss_noth.obj
         scripts.dir\Release\crystalsong_forest.obj
         scripts.dir\Release\boss_archavon.obj
         scripts.dir\Release\boss_koralon.obj
         scripts.dir\Release\instance_vault_of_archavon.obj
         scripts.dir\Release\boss_emalon.obj
         scripts.dir\Release\boss_toravon.obj
         scripts.dir\Release\sholazar_basin.obj
         scripts.dir\Release\boss_palehoof.obj
         scripts.dir\Release\boss_svala.obj
         scripts.dir\Release\instance_pinnacle.obj
         scripts.dir\Release\boss_ymiron.obj
         scripts.dir\Release\boss_skadi.obj
         scripts.dir\Release\boss_ingvar_the_plunderer.obj
         scripts.dir\Release\boss_skarvald_dalronn.obj
         scripts.dir\Release\instance_utgarde_keep.obj
         scripts.dir\Release\boss_keleseth.obj
         scripts.dir\Release\utgarde_keep.obj
         scripts.dir\Release\dragonblight.obj
         scripts.dir\Release\grizzly_hills.obj
         scripts.dir\Release\instance_azjol_nerub.obj
         scripts.dir\Release\boss_krikthir_the_gatewatcher.obj
         scripts.dir\Release\boss_hadronox.obj
         scripts.dir\Release\boss_anubarak.obj
         scripts.dir\Release\boss_herald_volazj.obj
         scripts.dir\Release\boss_prince_taldaram.obj
         scripts.dir\Release\instance_ahnkahet.obj
         scripts.dir\Release\boss_jedoga_shadowseeker.obj
         scripts.dir\Release\boss_elder_nadox.obj
         scripts.dir\Release\boss_amanitar.obj
         scripts.dir\Release\boss_zuramat.obj
         scripts.dir\Release\instance_violet_hold.obj
         scripts.dir\Release\boss_lavanthor.obj
         scripts.dir\Release\boss_cyanigosa.obj
         scripts.dir\Release\boss_ichoron.obj
         scripts.dir\Release\boss_moragg.obj
         scripts.dir\Release\boss_xevozz.obj
         scripts.dir\Release\boss_erekem.obj
         scripts.dir\Release\violet_hold.obj
         scripts.dir\Release\instance_icecrown_citadel.obj
         scripts.dir\Release\icecrown_citadel.obj
         scripts.dir\Release\icecrown_citadel_teleport.obj
         scripts.dir\Release\boss_lord_marrowgar.obj
         scripts.dir\Release\boss_lady_deathwhisper.obj
         scripts.dir\Release\boss_gunship_battle.obj
         scripts.dir\Release\boss_deathbringer_saurfang.obj
         scripts.dir\Release\boss_festergut.obj
         scripts.dir\Release\boss_rotface.obj
         scripts.dir\Release\boss_professor_putricide.obj
         scripts.dir\Release\boss_blood_prince_council.obj
         scripts.dir\Release\boss_blood_queen_lana_thel.obj
         scripts.dir\Release\boss_valithria_dreamwalker.obj
         scripts.dir\Release\boss_sindragosa.obj
         scripts.dir\Release\boss_the_lich_king.obj
         scripts.dir\Release\zuldrak.obj
         scripts.dir\Release\icecrown.obj
         scripts.dir\Release\boss_slad_ran.obj
         scripts.dir\Release\instance_gundrak.obj
         scripts.dir\Release\boss_drakkari_colossus.obj
         scripts.dir\Release\boss_gal_darah.obj
         scripts.dir\Release\boss_moorabi.obj
         scripts.dir\Release\boss_eck.obj
         scripts.dir\Release\borean_tundra.obj
         scripts.dir\Release\howling_fjord.obj
         scripts.dir\Release\dalaran.obj
         scripts.dir\Release\boss_trollgore.obj
         scripts.dir\Release\instance_drak_tharon_keep.obj
         scripts.dir\Release\boss_novos.obj
         scripts.dir\Release\boss_tharon_ja.obj
         scripts.dir\Release\boss_dred.obj
         scripts.vcxproj -> C:\RevoCore\LATEST BUILD\src\server\scripts\Release\scripts.lib
       FinalizeBuildStatus:
         Deleting file "scripts.dir\Release\scripts.unsuccessfulbuild".
         Touching "scripts.dir\Release\scripts.lastbuildstate".
     1>Done Building Project "C:\RevoCore\LATEST BUILD\src\server\scripts\scripts.vcxproj" (build target(s)).

Build succeeded.

Time Elapsed 00:00:07.46
