Build started 3/4/2012 4:27:49 PM.
     1>Project "C:\RevoCore\LATEST BUILD\src\server\game\game.vcxproj" on node 3 (build target(s)).
     1>InitializeBuildStatus:
         Creating "game.dir\Release\game.unsuccessfulbuild" because "AlwaysCreate" was specified.
       CustomBuild:
         All outputs are up-to-date.
         Building Custom Rule C:/RevoCore/src/server/game/CMakeLists.txt
         CMake does not need to re-run because C:\RevoCore\LATEST BUILD\src\server\game\CMakeFiles\generate.stamp is up-to-date.
       ClCompile:
         All outputs are up-to-date.
         C:\Program Files (x86)\Microsoft Visual Studio 10.0\VC\bin\CL.exe /c /I"C:/RevoCore/LATEST BUILD/src/server/game" /I"C:/RevoCore/LATEST BUILD" /IC:/RevoCore/dep/g3dlite/include /IC:/RevoCore/dep/mersennetwister /IC:/RevoCore/dep/SFMT /IC:/RevoCore/dep/zlib /IC:/RevoCore/src/server/collision /IC:/RevoCore/src/server/collision/Management /IC:/RevoCore/src/server/shared /IC:/RevoCore/src/server/shared/Configuration /IC:/RevoCore/src/server/shared/Cryptography /IC:/RevoCore/src/server/shared/Cryptography/Authentication /IC:/RevoCore/src/server/shared/Database /IC:/RevoCore/src/server/shared/DataStores /IC:/RevoCore/src/server/shared/Debugging /IC:/RevoCore/src/server/shared/Dynamic/LinkedReference /IC:/RevoCore/src/server/shared/Dynamic /IC:/RevoCore/src/server/shared/Logging /IC:/RevoCore/src/server/shared/Packets /IC:/RevoCore/src/server/shared/Threading /IC:/RevoCore/src/server/shared/Utilities /IC:/RevoCore/src/server/game /IC:/RevoCore/src/server/game/Accounts /IC:/RevoCore/src/server/game/Achievements /IC:/RevoCore/src/server/game/Addons /IC:/RevoCore/src/server/game/AI /IC:/RevoCore/src/server/game/AI/CoreAI /IC:/RevoCore/src/server/game/AI/EventAI /IC:/RevoCore/src/server/game/AI/ScriptedAI /IC:/RevoCore/src/server/game/AI/SmartScripts /IC:/RevoCore/src/server/game/AuctionHouse /IC:/RevoCore/src/server/game/Battlegrounds /IC:/RevoCore/src/server/game/Battlegrounds/Zones /IC:/RevoCore/src/server/game/Calendar /IC:/RevoCore/src/server/game/Chat /IC:/RevoCore/src/server/game/Chat/Channels /IC:/RevoCore/src/server/game/Chat/Commands /IC:/RevoCore/src/server/game/Combat /IC:/RevoCore/src/server/game/Conditions /IC:/RevoCore/src/server/game/DataStores /IC:/RevoCore/src/server/game/DungeonFinding /IC:/RevoCore/src/server/game/Entities /IC:/RevoCore/src/server/game/Entities/Creature /IC:/RevoCore/src/server/game/Entities/Corpse /IC:/RevoCore/src/server/game/Entities/DynamicObject /IC:/RevoCore/src/server/game/Entities/GameObject /IC:/RevoCore/src/server/game/Entities/Item /IC:/RevoCore/src/server/game/Entities/Item/Container /IC:/RevoCore/src/server/game/Entities/Object /IC:/RevoCore/src/server/game/Entities/Object/Updates /IC:/RevoCore/src/server/game/Entities/Pet /IC:/RevoCore/src/server/game/Entities/Player /IC:/RevoCore/src/server/game/Entities/Totem /IC:/RevoCore/src/server/game/Entities/Unit /IC:/RevoCore/src/server/game/Entities/Vehicle /IC:/RevoCore/src/server/game/Entities/Transport /IC:/RevoCore/src/server/game/Events /IC:/RevoCore/src/server/game/Globals /IC:/RevoCore/src/server/game/Grids/Cells /IC:/RevoCore/src/server/game/Grids/Notifiers /IC:/RevoCore/src/server/game/Grids /IC:/RevoCore/src/server/game/Groups /IC:/RevoCore/src/server/game/Guilds /IC:/RevoCore/src/server/game/Handlers /IC:/RevoCore/src/server/game/Instances /IC:/RevoCore/src/server/game/Loot /IC:/RevoCore/src/server/game/Mails /IC:/RevoCore/src/server/game/Maps /IC:/RevoCore/src/server/game/Miscellaneous /IC:/RevoCore/src/server/game/Movement /IC:/RevoCore/src/server/game/Movement/Spline /IC:/RevoCore/src/server/game/Movement/MovementGenerators /IC:/RevoCore/src/server/game/Movement/Waypoints /IC:/RevoCore/src/server/game/OutdoorPvP /IC:/RevoCore/src/server/game/Pools /IC:/RevoCore/src/server/game/PrecompiledHeaders /IC:/RevoCore/src/server/game/Quests /IC:/RevoCore/src/server/game/Reputation /IC:/RevoCore/src/server/game/Scripting /IC:/RevoCore/src/server/game/Server/Protocol /IC:/RevoCore/src/server/game/Server /IC:/RevoCore/src/server/game/Skills /IC:/RevoCore/src/server/game/Spells /IC:/RevoCore/src/server/game/Spells/Auras /IC:/RevoCore/src/server/game/Texts /IC:/RevoCore/src/server/game/Tools /IC:/RevoCore/src/server/game/Tickets /IC:/RevoCore/src/server/game/Weather /IC:/RevoCore/src/server/game/World /IC:/RevoCore/src/server/scripts/PrecompiledHeaders /IC:/RevoCore/dep/acelite /IC:/RevoCore/dep/mysqllite/include /I"C:/OpenSSL-Win32/include" /nologo /W3 /WX- /MP /O2 /Ob2 /Oy- /D WIN32 /D _WINDOWS /D NDEBUG /D "_BUILD_DIRECTIVE=\"Release\"" /D _CRT_SECURE_CPP_OVERLOAD_STANDARD_NAMES /D _CRT_SECURE_NO_WARNINGS /D _CRT_NONSTDC_NO_WARNINGS /D SCRIPTS /D "CMAKE_INTDIR=\"Release\"" /D _MBCS /Gm- /EHsc /MD /GS /fp:precise /Zc:wchar_t /Zc:forScope /GR /Yc"C:/RevoCore/src/server/game/PrecompiledHeaders/gamePCH.h" /Fp"game.dir\Release\game.pch" /Fo"game.dir\Release\\" /Fd"C:/RevoCore/LATEST BUILD/src/server/game/Release/game.pdb" /Gd /TP /wd4996 /wd4355 /wd4244 /wd4985 /wd4267 /wd4619 /FIC:/RevoCore/src/server/game/PrecompiledHeaders/gamePCH.h /analyze- /errorReport:prompt C:\RevoCore\src\server\game\PrecompiledHeaders\gamePCH.cpp  /Zm1000 
         gamePCH.cpp
         C:\Program Files (x86)\Microsoft Visual Studio 10.0\VC\bin\CL.exe /c /I"C:/RevoCore/LATEST BUILD/src/server/game" /I"C:/RevoCore/LATEST BUILD" /IC:/RevoCore/dep/g3dlite/include /IC:/RevoCore/dep/mersennetwister /IC:/RevoCore/dep/SFMT /IC:/RevoCore/dep/zlib /IC:/RevoCore/src/server/collision /IC:/RevoCore/src/server/collision/Management /IC:/RevoCore/src/server/shared /IC:/RevoCore/src/server/shared/Configuration /IC:/RevoCore/src/server/shared/Cryptography /IC:/RevoCore/src/server/shared/Cryptography/Authentication /IC:/RevoCore/src/server/shared/Database /IC:/RevoCore/src/server/shared/DataStores /IC:/RevoCore/src/server/shared/Debugging /IC:/RevoCore/src/server/shared/Dynamic/LinkedReference /IC:/RevoCore/src/server/shared/Dynamic /IC:/RevoCore/src/server/shared/Logging /IC:/RevoCore/src/server/shared/Packets /IC:/RevoCore/src/server/shared/Threading /IC:/RevoCore/src/server/shared/Utilities /IC:/RevoCore/src/server/game /IC:/RevoCore/src/server/game/Accounts /IC:/RevoCore/src/server/game/Achievements /IC:/RevoCore/src/server/game/Addons /IC:/RevoCore/src/server/game/AI /IC:/RevoCore/src/server/game/AI/CoreAI /IC:/RevoCore/src/server/game/AI/EventAI /IC:/RevoCore/src/server/game/AI/ScriptedAI /IC:/RevoCore/src/server/game/AI/SmartScripts /IC:/RevoCore/src/server/game/AuctionHouse /IC:/RevoCore/src/server/game/Battlegrounds /IC:/RevoCore/src/server/game/Battlegrounds/Zones /IC:/RevoCore/src/server/game/Calendar /IC:/RevoCore/src/server/game/Chat /IC:/RevoCore/src/server/game/Chat/Channels /IC:/RevoCore/src/server/game/Chat/Commands /IC:/RevoCore/src/server/game/Combat /IC:/RevoCore/src/server/game/Conditions /IC:/RevoCore/src/server/game/DataStores /IC:/RevoCore/src/server/game/DungeonFinding /IC:/RevoCore/src/server/game/Entities /IC:/RevoCore/src/server/game/Entities/Creature /IC:/RevoCore/src/server/game/Entities/Corpse /IC:/RevoCore/src/server/game/Entities/DynamicObject /IC:/RevoCore/src/server/game/Entities/GameObject /IC:/RevoCore/src/server/game/Entities/Item /IC:/RevoCore/src/server/game/Entities/Item/Container /IC:/RevoCore/src/server/game/Entities/Object /IC:/RevoCore/src/server/game/Entities/Object/Updates /IC:/RevoCore/src/server/game/Entities/Pet /IC:/RevoCore/src/server/game/Entities/Player /IC:/RevoCore/src/server/game/Entities/Totem /IC:/RevoCore/src/server/game/Entities/Unit /IC:/RevoCore/src/server/game/Entities/Vehicle /IC:/RevoCore/src/server/game/Entities/Transport /IC:/RevoCore/src/server/game/Events /IC:/RevoCore/src/server/game/Globals /IC:/RevoCore/src/server/game/Grids/Cells /IC:/RevoCore/src/server/game/Grids/Notifiers /IC:/RevoCore/src/server/game/Grids /IC:/RevoCore/src/server/game/Groups /IC:/RevoCore/src/server/game/Guilds /IC:/RevoCore/src/server/game/Handlers /IC:/RevoCore/src/server/game/Instances /IC:/RevoCore/src/server/game/Loot /IC:/RevoCore/src/server/game/Mails /IC:/RevoCore/src/server/game/Maps /IC:/RevoCore/src/server/game/Miscellaneous /IC:/RevoCore/src/server/game/Movement /IC:/RevoCore/src/server/game/Movement/Spline /IC:/RevoCore/src/server/game/Movement/MovementGenerators /IC:/RevoCore/src/server/game/Movement/Waypoints /IC:/RevoCore/src/server/game/OutdoorPvP /IC:/RevoCore/src/server/game/Pools /IC:/RevoCore/src/server/game/PrecompiledHeaders /IC:/RevoCore/src/server/game/Quests /IC:/RevoCore/src/server/game/Reputation /IC:/RevoCore/src/server/game/Scripting /IC:/RevoCore/src/server/game/Server/Protocol /IC:/RevoCore/src/server/game/Server /IC:/RevoCore/src/server/game/Skills /IC:/RevoCore/src/server/game/Spells /IC:/RevoCore/src/server/game/Spells/Auras /IC:/RevoCore/src/server/game/Texts /IC:/RevoCore/src/server/game/Tools /IC:/RevoCore/src/server/game/Tickets /IC:/RevoCore/src/server/game/Weather /IC:/RevoCore/src/server/game/World /IC:/RevoCore/src/server/scripts/PrecompiledHeaders /IC:/RevoCore/dep/acelite /IC:/RevoCore/dep/mysqllite/include /I"C:/OpenSSL-Win32/include" /nologo /W3 /WX- /MP /O2 /Ob2 /Oy- /D WIN32 /D _WINDOWS /D NDEBUG /D "_BUILD_DIRECTIVE=\"Release\"" /D _CRT_SECURE_CPP_OVERLOAD_STANDARD_NAMES /D _CRT_SECURE_NO_WARNINGS /D _CRT_NONSTDC_NO_WARNINGS /D SCRIPTS /D "CMAKE_INTDIR=\"Release\"" /D _MBCS /Gm- /EHsc /MD /GS /fp:precise /Zc:wchar_t /Zc:forScope /GR /Yu"C:/RevoCore/src/server/game/PrecompiledHeaders/gamePCH.h" /Fp"game.dir\Release\game.pch" /Fo"game.dir\Release\\" /Fd"C:/RevoCore/LATEST BUILD/src/server/game/Release/game.pdb" /Gd /TP /wd4996 /wd4355 /wd4244 /wd4985 /wd4267 /wd4619 /FIC:/RevoCore/src/server/game/PrecompiledHeaders/gamePCH.h /analyze- /errorReport:prompt C:\RevoCore\src\server\game\Accounts\AccountMgr.cpp C:\RevoCore\src\server\game\Achievements\AchievementMgr.cpp C:\RevoCore\src\server\game\Addons\AddonMgr.cpp C:\RevoCore\src\server\game\AI\CoreAI\CombatAI.cpp C:\RevoCore\src\server\game\AI\CoreAI\GameObjectAI.cpp C:\RevoCore\src\server\game\AI\CoreAI\GuardAI.cpp C:\RevoCore\src\server\game\AI\CoreAI\PassiveAI.cpp C:\RevoCore\src\server\game\AI\CoreAI\PetAI.cpp C:\RevoCore\src\server\game\AI\CoreAI\ReactorAI.cpp C:\RevoCore\src\server\game\AI\CoreAI\TotemAI.cpp C:\RevoCore\src\server\game\AI\CoreAI\UnitAI.cpp C:\RevoCore\src\server\game\AI\CreatureAI.cpp C:\RevoCore\src\server\game\AI\CreatureAIRegistry.cpp C:\RevoCore\src\server\game\AI\CreatureAISelector.cpp C:\RevoCore\src\server\game\AI\EventAI\CreatureEventAI.cpp C:\RevoCore\src\server\game\AI\EventAI\CreatureEventAIMgr.cpp C:\RevoCore\src\server\game\AI\ScriptedAI\ScriptedCreature.cpp C:\RevoCore\src\server\game\AI\ScriptedAI\ScriptedEscortAI.cpp C:\RevoCore\src\server\game\AI\ScriptedAI\ScriptedFollowerAI.cpp C:\RevoCore\src\server\game\AI\ScriptedAI\ScriptedSimpleAI.cpp C:\RevoCore\src\server\game\AI\SmartScripts\SmartAI.cpp C:\RevoCore\src\server\game\AI\SmartScripts\SmartScript.cpp C:\RevoCore\src\server\game\AI\SmartScripts\SmartScriptMgr.cpp C:\RevoCore\src\server\game\AuctionHouse\AuctionHouseMgr.cpp C:\RevoCore\src\server\game\Battlegrounds\ArenaTeam.cpp C:\RevoCore\src\server\game\Battlegrounds\ArenaTeamMgr.cpp C:\RevoCore\src\server\game\Battlegrounds\Battleground.cpp C:\RevoCore\src\server\game\Battlegrounds\BattlegroundMgr.cpp C:\RevoCore\src\server\game\Battlegrounds\BattlegroundQueue.cpp C:\RevoCore\src\server\game\Battlegrounds\Zones\BattlegroundAA.cpp C:\RevoCore\src\server\game\Battlegrounds\Zones\BattlegroundAB.cpp C:\RevoCore\src\server\game\Battlegrounds\Zones\BattlegroundAV.cpp C:\RevoCore\src\server\game\Battlegrounds\Zones\BattlegroundBE.cpp C:\RevoCore\src\server\game\Battlegrounds\Zones\BattlegroundDS.cpp C:\RevoCore\src\server\game\Battlegrounds\Zones\BattlegroundEY.cpp C:\RevoCore\src\server\game\Battlegrounds\Zones\BattlegroundIC.cpp C:\RevoCore\src\server\game\Battlegrounds\Zones\BattlegroundNA.cpp C:\RevoCore\src\server\game\Battlegrounds\Zones\BattlegroundRB.cpp C:\RevoCore\src\server\game\Battlegrounds\Zones\BattlegroundRL.cpp C:\RevoCore\src\server\game\Battlegrounds\Zones\BattlegroundRV.cpp C:\RevoCore\src\server\game\Battlegrounds\Zones\BattlegroundSA.cpp C:\RevoCore\src\server\game\Battlegrounds\Zones\BattlegroundWS.cpp C:\RevoCore\src\server\game\Calendar\Calendar.cpp C:\RevoCore\src\server\game\Chat\Channels\Channel.cpp C:\RevoCore\src\server\game\Chat\Channels\ChannelMgr.cpp C:\RevoCore\src\server\game\Chat\Chat.cpp C:\RevoCore\src\server\game\Chat\ChatLink.cpp C:\RevoCore\src\server\game\Chat\Commands\Level0.cpp C:\RevoCore\src\server\game\Chat\Commands\Level1.cpp C:\RevoCore\src\server\game\Chat\Commands\Level2.cpp C:\RevoCore\src\server\game\Chat\Commands\Level3.cpp C:\RevoCore\src\server\game\Chat\Commands\TicketCommands.cpp C:\RevoCore\src\server\game\Combat\HostileRefManager.cpp C:\RevoCore\src\server\game\Combat\ThreatManager.cpp C:\RevoCore\src\server\game\Conditions\ConditionMgr.cpp C:\RevoCore\src\server\game\Conditions\DisableMgr.cpp C:\RevoCore\src\server\game\DataStores\DBCStores.cpp C:\RevoCore\src\server\game\DungeonFinding\LFGGroupData.cpp C:\RevoCore\src\server\game\DungeonFinding\LFGMgr.cpp C:\RevoCore\src\server\game\DungeonFinding\LFGPlayerData.cpp C:\RevoCore\src\server\game\DungeonFinding\LFGScripts.cpp C:\RevoCore\src\server\game\Entities\Corpse\Corpse.cpp C:\RevoCore\src\server\game\Entities\Creature\Creature.cpp C:\RevoCore\src\server\game\Entities\Creature\CreatureGroups.cpp C:\RevoCore\src\server\game\Entities\Creature\GossipDef.cpp C:\RevoCore\src\server\game\Entities\Creature\TemporarySummon.cpp C:\RevoCore\src\server\game\Entities\DynamicObject\DynamicObject.cpp C:\RevoCore\src\server\game\Entities\GameObject\GameObject.cpp C:\RevoCore\src\server\game\Entities\Item\Container\Bag.cpp C:\RevoCore\src\server\game\Entities\Item\Item.cpp C:\RevoCore\src\server\game\Entities\Item\ItemEnchantmentMgr.cpp C:\RevoCore\src\server\game\Entities\Object\Object.cpp C:\RevoCore\src\server\game\Entities\Object\ObjectPosSelector.cpp C:\RevoCore\src\server\game\Entities\Object\Updates\UpdateData.cpp C:\RevoCore\src\server\game\Entities\Pet\Pet.cpp C:\RevoCore\src\server\game\Entities\Player\Player.cpp C:\RevoCore\src\server\game\Entities\Player\SocialMgr.cpp C:\RevoCore\src\server\game\Entities\Totem\Totem.cpp C:\RevoCore\src\server\game\Entities\Transport\Transport.cpp C:\RevoCore\src\server\game\Entities\Unit\StatSystem.cpp C:\RevoCore\src\server\game\Entities\Unit\Unit.cpp C:\RevoCore\src\server\game\Entities\Vehicle\Vehicle.cpp C:\RevoCore\src\server\game\Events\GameEventMgr.cpp C:\RevoCore\src\server\game\Globals\ObjectAccessor.cpp C:\RevoCore\src\server\game\Globals\ObjectMgr.cpp C:\RevoCore\src\server\game\Grids\GridStates.cpp C:\RevoCore\src\server\game\Grids\Notifiers\GridNotifiers.cpp C:\RevoCore\src\server\game\Grids\ObjectGridLoader.cpp C:\RevoCore\src\server\game\Groups\Group.cpp C:\RevoCore\src\server\game\Groups\GroupMgr.cpp C:\RevoCore\src\server\game\Groups\GroupReference.cpp C:\RevoCore\src\server\game\Guilds\Guild.cpp C:\RevoCore\src\server\game\Guilds\GuildMgr.cpp C:\RevoCore\src\server\game\Handlers\AddonHandler.cpp C:\RevoCore\src\server\game\Handlers\ArenaTeamHandler.cpp C:\RevoCore\src\server\game\Handlers\AuctionHouseHandler.cpp C:\RevoCore\src\server\game\Handlers\AuthHandler.cpp C:\RevoCore\src\server\game\Handlers\BattleGroundHandler.cpp C:\RevoCore\src\server\game\Handlers\CalendarHandler.cpp C:\RevoCore\src\server\game\Handlers\ChannelHandler.cpp C:\RevoCore\src\server\game\Handlers\CharacterHandler.cpp C:\RevoCore\src\server\game\Handlers\ChatHandler.cpp C:\RevoCore\src\server\game\Handlers\CombatHandler.cpp C:\RevoCore\src\server\game\Handlers\DuelHandler.cpp C:\RevoCore\src\server\game\Handlers\GroupHandler.cpp C:\RevoCore\src\server\game\Handlers\GuildHandler.cpp C:\RevoCore\src\server\game\Handlers\ItemHandler.cpp C:\RevoCore\src\server\game\Handlers\LFGHandler.cpp C:\RevoCore\src\server\game\Handlers\LootHandler.cpp C:\RevoCore\src\server\game\Handlers\MailHandler.cpp C:\RevoCore\src\server\game\Handlers\MiscHandler.cpp C:\RevoCore\src\server\game\Handlers\MovementHandler.cpp C:\RevoCore\src\server\game\Handlers\NPCHandler.cpp C:\RevoCore\src\server\game\Handlers\PetHandler.cpp C:\RevoCore\src\server\game\Handlers\PetitionsHandler.cpp C:\RevoCore\src\server\game\Handlers\QueryHandler.cpp C:\RevoCore\src\server\game\Handlers\QuestHandler.cpp C:\RevoCore\src\server\game\Handlers\ReferAFriendHandler.cpp C:\RevoCore\src\server\game\Handlers\SkillHandler.cpp C:\RevoCore\src\server\game\Handlers\SpellHandler.cpp C:\RevoCore\src\server\game\Handlers\TaxiHandler.cpp C:\RevoCore\src\server\game\Handlers\TicketHandler.cpp C:\RevoCore\src\server\game\Handlers\TradeHandler.cpp C:\RevoCore\src\server\game\Handlers\VehicleHandler.cpp C:\RevoCore\src\server\game\Handlers\VoiceChatHandler.cpp C:\RevoCore\src\server\game\Instances\InstanceSaveMgr.cpp C:\RevoCore\src\server\game\Instances\InstanceScript.cpp C:\RevoCore\src\server\game\Loot\LootMgr.cpp C:\RevoCore\src\server\game\Mails\Mail.cpp C:\RevoCore\src\server\game\Maps\Map.cpp C:\RevoCore\src\server\game\Maps\MapInstanced.cpp C:\RevoCore\src\server\game\Maps\MapManager.cpp C:\RevoCore\src\server\game\Maps\MapUpdater.cpp C:\RevoCore\src\server\game\Movement\FollowerReference.cpp C:\RevoCore\src\server\game\Movement\MotionMaster.cpp C:\RevoCore\src\server\game\Movement\MovementGenerator.cpp C:\RevoCore\src\server\game\Movement\MovementGenerators\ConfusedMovementGenerator.cpp C:\RevoCore\src\server\game\Movement\MovementGenerators\FleeingMovementGenerator.cpp C:\RevoCore\src\server\game\Movement\MovementGenerators\HomeMovementGenerator.cpp C:\RevoCore\src\server\game\Movement\MovementGenerators\IdleMovementGenerator.cpp C:\RevoCore\src\server\game\Movement\MovementGenerators\PointMovementGenerator.cpp C:\RevoCore\src\server\game\Movement\MovementGenerators\RandomMovementGenerator.cpp C:\RevoCore\src\server\game\Movement\MovementGenerators\TargetedMovementGenerator.cpp C:\RevoCore\src\server\game\Movement\MovementGenerators\WaypointMovementGenerator.cpp C:\RevoCore\src\server\game\Movement\Spline\MovementPacketBuilder.cpp C:\RevoCore\src\server\game\Movement\Spline\MovementUtil.cpp C:\RevoCore\src\server\game\Movement\Spline\MoveSpline.cpp C:\RevoCore\src\server\game\Movement\Spline\MoveSplineInit.cpp C:\RevoCore\src\server\game\Movement\Spline\Spline.cpp C:\RevoCore\src\server\game\Movement\Waypoints\WaypointManager.cpp C:\RevoCore\src\server\game\OutdoorPvP\OutdoorPvP.cpp C:\RevoCore\src\server\game\OutdoorPvP\OutdoorPvPMgr.cpp C:\RevoCore\src\server\game\Pools\PoolMgr.cpp C:\RevoCore\src\server\game\Quests\QuestDef.cpp C:\RevoCore\src\server\game\Reputation\ReputationMgr.cpp C:\RevoCore\src\server\game\Scripting\MapScripts.cpp C:\RevoCore\src\server\game\Scripting\ScriptLoader.cpp C:\RevoCore\src\server\game\Scripting\ScriptMgr.cpp C:\RevoCore\src\server\game\Scripting\ScriptSystem.cpp C:\RevoCore\src\server\game\Server\Protocol\Opcodes.cpp C:\RevoCore\src\server\game\Server\Protocol\WorldLog.cpp C:\RevoCore\src\server\game\Server\WorldSession.cpp C:\RevoCore\src\server\game\Server\WorldSocket.cpp C:\RevoCore\src\server\game\Server\WorldSocketMgr.cpp C:\RevoCore\src\server\game\Skills\SkillDiscovery.cpp C:\RevoCore\src\server\game\Skills\SkillExtraItems.cpp C:\RevoCore\src\server\game\Spells\Auras\SpellAuraEffects.cpp C:\RevoCore\src\server\game\Spells\Auras\SpellAuras.cpp C:\RevoCore\src\server\game\Spells\Spell.cpp C:\RevoCore\src\server\game\Spells\SpellEffects.cpp C:\RevoCore\src\server\game\Spells\SpellInfo.cpp C:\RevoCore\src\server\game\Spells\SpellMgr.cpp C:\RevoCore\src\server\game\Spells\SpellScript.cpp C:\RevoCore\src\server\game\Texts\CreatureTextMgr.cpp C:\RevoCore\src\server\game\Tools\CharacterDatabaseCleaner.cpp C:\RevoCore\src\server\game\Tools\PlayerDump.cpp C:\RevoCore\src\server\game\Tickets\TicketMgr.cpp C:\RevoCore\src\server\game\Weather\Weather.cpp C:\RevoCore\src\server\game\Weather\WeatherMgr.cpp C:\RevoCore\src\server\game\World\World.cpp  /Zm1000 
         AccountMgr.cpp
         AchievementMgr.cpp
         AddonMgr.cpp
         CombatAI.cpp
         GameObjectAI.cpp
         GuardAI.cpp
         PassiveAI.cpp
         PetAI.cpp
         ReactorAI.cpp
         TotemAI.cpp
         UnitAI.cpp
         CreatureAI.cpp
         CreatureAIRegistry.cpp
         CreatureAISelector.cpp
         CreatureEventAI.cpp
         CreatureEventAIMgr.cpp
         ScriptedCreature.cpp
         ScriptedEscortAI.cpp
         ScriptedFollowerAI.cpp
         ScriptedSimpleAI.cpp
         SmartAI.cpp
         SmartScript.cpp
         SmartScriptMgr.cpp
         AuctionHouseMgr.cpp
         ArenaTeam.cpp
         ArenaTeamMgr.cpp
         Battleground.cpp
         BattlegroundMgr.cpp
         BattlegroundQueue.cpp
         BattlegroundAA.cpp
         BattlegroundAB.cpp
         BattlegroundAV.cpp
         BattlegroundBE.cpp
         BattlegroundDS.cpp
         BattlegroundEY.cpp
         BattlegroundIC.cpp
         BattlegroundNA.cpp
         BattlegroundRB.cpp
         BattlegroundRL.cpp
         BattlegroundRV.cpp
         BattlegroundSA.cpp
         BattlegroundWS.cpp
         Calendar.cpp
         Channel.cpp
         ChannelMgr.cpp
         Chat.cpp
         ChatLink.cpp
         Level0.cpp
         Level1.cpp
         Level2.cpp
         Level3.cpp
         TicketCommands.cpp
         HostileRefManager.cpp
         ThreatManager.cpp
         ConditionMgr.cpp
         DisableMgr.cpp
         DBCStores.cpp
         LFGGroupData.cpp
         LFGMgr.cpp
         LFGPlayerData.cpp
         LFGScripts.cpp
         Corpse.cpp
         Creature.cpp
         CreatureGroups.cpp
         GossipDef.cpp
         TemporarySummon.cpp
         DynamicObject.cpp
         GameObject.cpp
         Bag.cpp
         Item.cpp
         ItemEnchantmentMgr.cpp
         Object.cpp
         ObjectPosSelector.cpp
         UpdateData.cpp
         Pet.cpp
         Player.cpp
         SocialMgr.cpp
         Totem.cpp
         Transport.cpp
         StatSystem.cpp
         Unit.cpp
         Vehicle.cpp
         GameEventMgr.cpp
         ObjectAccessor.cpp
         ObjectMgr.cpp
         GridStates.cpp
         GridNotifiers.cpp
         ObjectGridLoader.cpp
         Group.cpp
         GroupMgr.cpp
         GroupReference.cpp
         Guild.cpp
         GuildMgr.cpp
         AddonHandler.cpp
         ArenaTeamHandler.cpp
         AuctionHouseHandler.cpp
         AuthHandler.cpp
         BattleGroundHandler.cpp
         CalendarHandler.cpp
         ChannelHandler.cpp
         CharacterHandler.cpp
         ChatHandler.cpp
         CombatHandler.cpp
         DuelHandler.cpp
         GroupHandler.cpp
         GuildHandler.cpp
         ItemHandler.cpp
         LFGHandler.cpp
         LootHandler.cpp
         MailHandler.cpp
         MiscHandler.cpp
         MovementHandler.cpp
         NPCHandler.cpp
         PetHandler.cpp
         PetitionsHandler.cpp
         QueryHandler.cpp
         QuestHandler.cpp
         ReferAFriendHandler.cpp
         SkillHandler.cpp
         SpellHandler.cpp
         TaxiHandler.cpp
         TicketHandler.cpp
         TradeHandler.cpp
         VehicleHandler.cpp
         VoiceChatHandler.cpp
         InstanceSaveMgr.cpp
         InstanceScript.cpp
         LootMgr.cpp
         Mail.cpp
         Map.cpp
         MapInstanced.cpp
         MapManager.cpp
         MapUpdater.cpp
         FollowerReference.cpp
         MotionMaster.cpp
         MovementGenerator.cpp
         ConfusedMovementGenerator.cpp
         FleeingMovementGenerator.cpp
         HomeMovementGenerator.cpp
         IdleMovementGenerator.cpp
         PointMovementGenerator.cpp
         RandomMovementGenerator.cpp
         TargetedMovementGenerator.cpp
         WaypointMovementGenerator.cpp
         MovementPacketBuilder.cpp
         MovementUtil.cpp
         MoveSpline.cpp
         MoveSplineInit.cpp
         Spline.cpp
         WaypointManager.cpp
         OutdoorPvP.cpp
         OutdoorPvPMgr.cpp
         PoolMgr.cpp
         QuestDef.cpp
         ReputationMgr.cpp
         MapScripts.cpp
         ScriptLoader.cpp
         ScriptMgr.cpp
         ScriptSystem.cpp
         Opcodes.cpp
         WorldLog.cpp
         WorldSession.cpp
         WorldSocket.cpp
         WorldSocketMgr.cpp
         SkillDiscovery.cpp
         SkillExtraItems.cpp
         SpellAuraEffects.cpp
         SpellAuras.cpp
         Spell.cpp
         SpellEffects.cpp
         SpellInfo.cpp
         SpellMgr.cpp
         SpellScript.cpp
         CreatureTextMgr.cpp
         CharacterDatabaseCleaner.cpp
         PlayerDump.cpp
         TicketMgr.cpp
         Weather.cpp
         WeatherMgr.cpp
         World.cpp
       Lib:
         C:\Program Files (x86)\Microsoft Visual Studio 10.0\VC\bin\Lib.exe /OUT:"C:\RevoCore\LATEST BUILD\src\server\game\Release\game.lib" /NOLOGO game.dir\Release\gamePCH.obj
         game.dir\Release\AccountMgr.obj
         game.dir\Release\AchievementMgr.obj
         game.dir\Release\AddonMgr.obj
         game.dir\Release\CombatAI.obj
         game.dir\Release\GameObjectAI.obj
         game.dir\Release\GuardAI.obj
         game.dir\Release\PassiveAI.obj
         game.dir\Release\PetAI.obj
         game.dir\Release\ReactorAI.obj
         game.dir\Release\TotemAI.obj
         game.dir\Release\UnitAI.obj
         game.dir\Release\CreatureAI.obj
         game.dir\Release\CreatureAIRegistry.obj
         game.dir\Release\CreatureAISelector.obj
         game.dir\Release\CreatureEventAI.obj
         game.dir\Release\CreatureEventAIMgr.obj
         game.dir\Release\ScriptedCreature.obj
         game.dir\Release\ScriptedEscortAI.obj
         game.dir\Release\ScriptedFollowerAI.obj
         game.dir\Release\ScriptedSimpleAI.obj
         game.dir\Release\SmartAI.obj
         game.dir\Release\SmartScript.obj
         game.dir\Release\SmartScriptMgr.obj
         game.dir\Release\AuctionHouseMgr.obj
         game.dir\Release\ArenaTeam.obj
         game.dir\Release\ArenaTeamMgr.obj
         game.dir\Release\Battleground.obj
         game.dir\Release\BattlegroundMgr.obj
         game.dir\Release\BattlegroundQueue.obj
         game.dir\Release\BattlegroundAA.obj
         game.dir\Release\BattlegroundAB.obj
         game.dir\Release\BattlegroundAV.obj
         game.dir\Release\BattlegroundBE.obj
         game.dir\Release\BattlegroundDS.obj
         game.dir\Release\BattlegroundEY.obj
         game.dir\Release\BattlegroundIC.obj
         game.dir\Release\BattlegroundNA.obj
         game.dir\Release\BattlegroundRB.obj
         game.dir\Release\BattlegroundRL.obj
         game.dir\Release\BattlegroundRV.obj
         game.dir\Release\BattlegroundSA.obj
         game.dir\Release\BattlegroundWS.obj
         game.dir\Release\Calendar.obj
         game.dir\Release\Channel.obj
         game.dir\Release\ChannelMgr.obj
         game.dir\Release\Chat.obj
         game.dir\Release\ChatLink.obj
         game.dir\Release\Level0.obj
         game.dir\Release\Level1.obj
         game.dir\Release\Level2.obj
         game.dir\Release\Level3.obj
         game.dir\Release\TicketCommands.obj
         game.dir\Release\HostileRefManager.obj
         game.dir\Release\ThreatManager.obj
         game.dir\Release\ConditionMgr.obj
         game.dir\Release\DisableMgr.obj
         game.dir\Release\DBCStores.obj
         game.dir\Release\LFGGroupData.obj
         game.dir\Release\LFGMgr.obj
         game.dir\Release\LFGPlayerData.obj
         game.dir\Release\LFGScripts.obj
         game.dir\Release\Corpse.obj
         game.dir\Release\Creature.obj
         game.dir\Release\CreatureGroups.obj
         game.dir\Release\GossipDef.obj
         game.dir\Release\TemporarySummon.obj
         game.dir\Release\DynamicObject.obj
         game.dir\Release\GameObject.obj
         game.dir\Release\Bag.obj
         game.dir\Release\Item.obj
         game.dir\Release\ItemEnchantmentMgr.obj
         game.dir\Release\Object.obj
         game.dir\Release\ObjectPosSelector.obj
         game.dir\Release\UpdateData.obj
         game.dir\Release\Pet.obj
         game.dir\Release\Player.obj
         game.dir\Release\SocialMgr.obj
         game.dir\Release\Totem.obj
         game.dir\Release\Transport.obj
         game.dir\Release\StatSystem.obj
         game.dir\Release\Unit.obj
         game.dir\Release\Vehicle.obj
         game.dir\Release\GameEventMgr.obj
         game.dir\Release\ObjectAccessor.obj
         game.dir\Release\ObjectMgr.obj
         game.dir\Release\GridStates.obj
         game.dir\Release\GridNotifiers.obj
         game.dir\Release\ObjectGridLoader.obj
         game.dir\Release\Group.obj
         game.dir\Release\GroupMgr.obj
         game.dir\Release\GroupReference.obj
         game.dir\Release\Guild.obj
         game.dir\Release\GuildMgr.obj
         game.dir\Release\AddonHandler.obj
         game.dir\Release\ArenaTeamHandler.obj
         game.dir\Release\AuctionHouseHandler.obj
         game.dir\Release\AuthHandler.obj
         game.dir\Release\BattleGroundHandler.obj
         game.dir\Release\CalendarHandler.obj
         game.dir\Release\ChannelHandler.obj
         game.dir\Release\CharacterHandler.obj
         game.dir\Release\ChatHandler.obj
         game.dir\Release\CombatHandler.obj
         game.dir\Release\DuelHandler.obj
         game.dir\Release\GroupHandler.obj
         game.dir\Release\GuildHandler.obj
         game.dir\Release\ItemHandler.obj
         game.dir\Release\LFGHandler.obj
         game.dir\Release\LootHandler.obj
         game.dir\Release\MailHandler.obj
         game.dir\Release\MiscHandler.obj
         game.dir\Release\MovementHandler.obj
         game.dir\Release\NPCHandler.obj
         game.dir\Release\PetHandler.obj
         game.dir\Release\PetitionsHandler.obj
         game.dir\Release\QueryHandler.obj
         game.dir\Release\QuestHandler.obj
         game.dir\Release\ReferAFriendHandler.obj
         game.dir\Release\SkillHandler.obj
         game.dir\Release\SpellHandler.obj
         game.dir\Release\TaxiHandler.obj
         game.dir\Release\TicketHandler.obj
         game.dir\Release\TradeHandler.obj
         game.dir\Release\VehicleHandler.obj
         game.dir\Release\VoiceChatHandler.obj
         game.dir\Release\InstanceSaveMgr.obj
         game.dir\Release\InstanceScript.obj
         game.dir\Release\LootMgr.obj
         game.dir\Release\Mail.obj
         game.dir\Release\Map.obj
         game.dir\Release\MapInstanced.obj
         game.dir\Release\MapManager.obj
         game.dir\Release\MapUpdater.obj
         game.dir\Release\FollowerReference.obj
         game.dir\Release\MotionMaster.obj
         game.dir\Release\MovementGenerator.obj
         game.dir\Release\ConfusedMovementGenerator.obj
         game.dir\Release\FleeingMovementGenerator.obj
         game.dir\Release\HomeMovementGenerator.obj
         game.dir\Release\IdleMovementGenerator.obj
         game.dir\Release\PointMovementGenerator.obj
         game.dir\Release\RandomMovementGenerator.obj
         game.dir\Release\TargetedMovementGenerator.obj
         game.dir\Release\WaypointMovementGenerator.obj
         game.dir\Release\MovementPacketBuilder.obj
         game.dir\Release\MovementUtil.obj
         game.dir\Release\MoveSpline.obj
         game.dir\Release\MoveSplineInit.obj
         game.dir\Release\Spline.obj
         game.dir\Release\WaypointManager.obj
         game.dir\Release\OutdoorPvP.obj
         game.dir\Release\OutdoorPvPMgr.obj
         game.dir\Release\PoolMgr.obj
         game.dir\Release\QuestDef.obj
         game.dir\Release\ReputationMgr.obj
         game.dir\Release\MapScripts.obj
         game.dir\Release\ScriptLoader.obj
         game.dir\Release\ScriptMgr.obj
         game.dir\Release\ScriptSystem.obj
         game.dir\Release\Opcodes.obj
         game.dir\Release\WorldLog.obj
         game.dir\Release\WorldSession.obj
         game.dir\Release\WorldSocket.obj
         game.dir\Release\WorldSocketMgr.obj
         game.dir\Release\SkillDiscovery.obj
         game.dir\Release\SkillExtraItems.obj
         game.dir\Release\SpellAuraEffects.obj
         game.dir\Release\SpellAuras.obj
         game.dir\Release\Spell.obj
         game.dir\Release\SpellEffects.obj
         game.dir\Release\SpellInfo.obj
         game.dir\Release\SpellMgr.obj
         game.dir\Release\SpellScript.obj
         game.dir\Release\CreatureTextMgr.obj
         game.dir\Release\CharacterDatabaseCleaner.obj
         game.dir\Release\PlayerDump.obj
         game.dir\Release\TicketMgr.obj
         game.dir\Release\Weather.obj
         game.dir\Release\WeatherMgr.obj
         game.dir\Release\World.obj
         game.vcxproj -> C:\RevoCore\LATEST BUILD\src\server\game\Release\game.lib
       FinalizeBuildStatus:
         Deleting file "game.dir\Release\game.unsuccessfulbuild".
         Touching "game.dir\Release\game.lastbuildstate".
     1>Done Building Project "C:\RevoCore\LATEST BUILD\src\server\game\game.vcxproj" (build target(s)).

Build succeeded.

Time Elapsed 00:03:13.46
