Build started 3/4/2012 4:27:57 PM.
     1>Project "C:\RevoCore\LATEST BUILD\dep\mysqllite\libmysql.vcxproj" on node 5 (build target(s)).
     1>InitializeBuildStatus:
         Creating "libmysql.dir\Release\libmysql.unsuccessfulbuild" because "AlwaysCreate" was specified.
       CustomBuild:
         All outputs are up-to-date.
         Building Custom Rule C:/RevoCore/dep/mysqllite/CMakeLists.txt
         CMake does not need to re-run because C:\RevoCore\LATEST BUILD\dep\mysqllite\CMakeFiles\generate.stamp is up-to-date.
       ClCompile:
         All outputs are up-to-date.
         C:\Program Files (x86)\Microsoft Visual Studio 10.0\VC\bin\CL.exe /c /I"C:/RevoCore/LATEST BUILD/dep/mysqllite" /I"C:/RevoCore/LATEST BUILD" /I"C:/OpenSSL-Win32/include" /IC:/RevoCore/dep/zlib /IC:/RevoCore/dep/mysqllite/include /IC:/RevoCore/dep/mysqllite/include/internal /IC:/RevoCore/dep/mysqllite/dbug /IC:/RevoCore/dep/mysqllite/strings /IC:/RevoCore/dep/mysqllite/mysys /IC:/RevoCore/dep/mysqllite/libmysql /nologo /W0 /WX- /MP /O2 /Ob2 /Oy- /D WIN32 /D _WINDOWS /D NDEBUG /D "_BUILD_DIRECTIVE=\"Release\"" /D __WIN__ /D _CRT_SECURE_NO_DEPRECATE /D _CRT_SECURE_CPP_OVERLOAD_STANDARD_NAMES /D _CRT_SECURE_NO_WARNINGS /D _CRT_NONSTDC_NO_WARNINGS /D SCRIPTS /D _WIN32_WINNT=0x0501 /D WIN32_LEAN_AND_MEAN /D HAVE_OPENSSL /D DBUG_OFF /D "CMAKE_INTDIR=\"Release\"" /D libmysql_EXPORTS /D _WINDLL /D _MBCS /Gm- /MD /GS /fp:precise /Zc:wchar_t /Zc:forScope /GR /Fo"libmysql.dir\Release\\" /Fd"C:/RevoCore/LATEST BUILD/bin/Release/libmysql.pdb" /Gd /TC /wd4996 /wd4355 /wd4244 /wd4985 /wd4267 /wd4619 /wd4800 /wd4805 /wd4996 /wd4244 /wd4267 /analyze- /errorReport:prompt /we4099 C:\RevoCore\dep\mysqllite\libmysql\get_password.c C:\RevoCore\dep\mysqllite\libmysql\libmysql.c C:\RevoCore\dep\mysqllite\libmysql\errmsg.c "C:\RevoCore\dep\mysqllite\sql-common\client.c" "C:\RevoCore\dep\mysqllite\sql-common\my_time.c" "C:\RevoCore\dep\mysqllite\sql-common\client_plugin.c" "C:\RevoCore\dep\mysqllite\sql-common\pack.c" C:\RevoCore\dep\mysqllite\sql\password.c C:\RevoCore\dep\mysqllite\dbug\dbug.c C:\RevoCore\dep\mysqllite\mysys\array.c "C:\RevoCore\dep\mysqllite\mysys\charset-def.c" C:\RevoCore\dep\mysqllite\mysys\charset.c C:\RevoCore\dep\mysqllite\mysys\checksum.c C:\RevoCore\dep\mysqllite\mysys\default.c C:\RevoCore\dep\mysqllite\mysys\errors.c C:\RevoCore\dep\mysqllite\mysys\hash.c C:\RevoCore\dep\mysqllite\mysys\list.c C:\RevoCore\dep\mysqllite\mysys\md5.c C:\RevoCore\dep\mysqllite\mysys\mf_cache.c C:\RevoCore\dep\mysqllite\mysys\mf_dirname.c C:\RevoCore\dep\mysqllite\mysys\mf_fn_ext.c C:\RevoCore\dep\mysqllite\mysys\mf_format.c C:\RevoCore\dep\mysqllite\mysys\mf_getdate.c C:\RevoCore\dep\mysqllite\mysys\mf_iocache.c C:\RevoCore\dep\mysqllite\mysys\mf_iocache2.c C:\RevoCore\dep\mysqllite\mysys\mf_keycache.c C:\RevoCore\dep\mysqllite\mysys\mf_keycaches.c C:\RevoCore\dep\mysqllite\mysys\mf_loadpath.c C:\RevoCore\dep\mysqllite\mysys\mf_pack.c C:\RevoCore\dep\mysqllite\mysys\mf_path.c C:\RevoCore\dep\mysqllite\mysys\mf_qsort.c C:\RevoCore\dep\mysqllite\mysys\mf_qsort2.c C:\RevoCore\dep\mysqllite\mysys\mf_radix.c C:\RevoCore\dep\mysqllite\mysys\mf_same.c C:\RevoCore\dep\mysqllite\mysys\mf_sort.c C:\RevoCore\dep\mysqllite\mysys\mf_soundex.c C:\RevoCore\dep\mysqllite\mysys\mf_arr_appstr.c C:\RevoCore\dep\mysqllite\mysys\mf_tempdir.c C:\RevoCore\dep\mysqllite\mysys\mf_tempfile.c C:\RevoCore\dep\mysqllite\mysys\mf_unixpath.c C:\RevoCore\dep\mysqllite\mysys\mf_wcomp.c C:\RevoCore\dep\mysqllite\mysys\mulalloc.c C:\RevoCore\dep\mysqllite\mysys\my_access.c C:\RevoCore\dep\mysqllite\mysys\my_aes.c C:\RevoCore\dep\mysqllite\mysys\my_alloc.c C:\RevoCore\dep\mysqllite\mysys\my_bit.c C:\RevoCore\dep\mysqllite\mysys\my_bitmap.c C:\RevoCore\dep\mysqllite\mysys\my_chsize.c C:\RevoCore\dep\mysqllite\mysys\my_compress.c C:\RevoCore\dep\mysqllite\mysys\my_copy.c C:\RevoCore\dep\mysqllite\mysys\my_create.c C:\RevoCore\dep\mysqllite\mysys\my_delete.c C:\RevoCore\dep\mysqllite\mysys\my_div.c C:\RevoCore\dep\mysqllite\mysys\my_error.c C:\RevoCore\dep\mysqllite\mysys\my_file.c C:\RevoCore\dep\mysqllite\mysys\my_fopen.c C:\RevoCore\dep\mysqllite\mysys\my_fstream.c C:\RevoCore\dep\mysqllite\mysys\my_gethostbyname.c C:\RevoCore\dep\mysqllite\mysys\my_gethwaddr.c C:\RevoCore\dep\mysqllite\mysys\my_getopt.c C:\RevoCore\dep\mysqllite\mysys\my_getsystime.c C:\RevoCore\dep\mysqllite\mysys\my_getwd.c C:\RevoCore\dep\mysqllite\mysys\my_handler.c C:\RevoCore\dep\mysqllite\mysys\my_init.c C:\RevoCore\dep\mysqllite\mysys\my_lib.c C:\RevoCore\dep\mysqllite\mysys\my_lock.c C:\RevoCore\dep\mysqllite\mysys\my_malloc.c C:\RevoCore\dep\mysqllite\mysys\my_mess.c C:\RevoCore\dep\mysqllite\mysys\my_mkdir.c C:\RevoCore\dep\mysqllite\mysys\my_mmap.c C:\RevoCore\dep\mysqllite\mysys\my_once.c C:\RevoCore\dep\mysqllite\mysys\my_open.c C:\RevoCore\dep\mysqllite\mysys\my_pread.c C:\RevoCore\dep\mysqllite\mysys\my_pthread.c C:\RevoCore\dep\mysqllite\mysys\my_quick.c C:\RevoCore\dep\mysqllite\mysys\my_read.c C:\RevoCore\dep\mysqllite\mysys\my_redel.c C:\RevoCore\dep\mysqllite\mysys\my_rename.c C:\RevoCore\dep\mysqllite\mysys\my_seek.c C:\RevoCore\dep\mysqllite\mysys\my_sleep.c C:\RevoCore\dep\mysqllite\mysys\my_static.c C:\RevoCore\dep\mysqllite\mysys\my_symlink.c C:\RevoCore\dep\mysqllite\mysys\my_symlink2.c C:\RevoCore\dep\mysqllite\mysys\my_sync.c C:\RevoCore\dep\mysqllite\mysys\my_thr_init.c C:\RevoCore\dep\mysqllite\mysys\my_write.c C:\RevoCore\dep\mysqllite\mysys\ptr_cmp.c C:\RevoCore\dep\mysqllite\mysys\queues.c C:\RevoCore\dep\mysqllite\mysys\stacktrace.c C:\RevoCore\dep\mysqllite\mysys\rijndael.c C:\RevoCore\dep\mysqllite\mysys\sha1.c C:\RevoCore\dep\mysqllite\mysys\string.c C:\RevoCore\dep\mysqllite\mysys\thr_alarm.c C:\RevoCore\dep\mysqllite\mysys\thr_lock.c C:\RevoCore\dep\mysqllite\mysys\thr_mutex.c C:\RevoCore\dep\mysqllite\mysys\thr_rwlock.c C:\RevoCore\dep\mysqllite\mysys\tree.c C:\RevoCore\dep\mysqllite\mysys\typelib.c C:\RevoCore\dep\mysqllite\mysys\base64.c C:\RevoCore\dep\mysqllite\mysys\my_memmem.c C:\RevoCore\dep\mysqllite\mysys\my_getpagesize.c "C:\RevoCore\dep\mysqllite\mysys\lf_alloc-pin.c" C:\RevoCore\dep\mysqllite\mysys\lf_dynarray.c C:\RevoCore\dep\mysqllite\mysys\lf_hash.c C:\RevoCore\dep\mysqllite\mysys\my_atomic.c C:\RevoCore\dep\mysqllite\mysys\my_getncpus.c C:\RevoCore\dep\mysqllite\mysys\my_rdtsc.c C:\RevoCore\dep\mysqllite\mysys\my_winthread.c C:\RevoCore\dep\mysqllite\mysys\my_wincond.c C:\RevoCore\dep\mysqllite\mysys\my_winerr.c C:\RevoCore\dep\mysqllite\mysys\my_winfile.c C:\RevoCore\dep\mysqllite\mysys\my_windac.c C:\RevoCore\dep\mysqllite\mysys\my_conio.c C:\RevoCore\dep\mysqllite\strings\bchange.c C:\RevoCore\dep\mysqllite\strings\bmove_upp.c "C:\RevoCore\dep\mysqllite\strings\ctype-big5.c" "C:\RevoCore\dep\mysqllite\strings\ctype-bin.c" "C:\RevoCore\dep\mysqllite\strings\ctype-cp932.c" "C:\RevoCore\dep\mysqllite\strings\ctype-czech.c" "C:\RevoCore\dep\mysqllite\strings\ctype-euc_kr.c" "C:\RevoCore\dep\mysqllite\strings\ctype-extra.c" "C:\RevoCore\dep\mysqllite\strings\ctype-gb2312.c" "C:\RevoCore\dep\mysqllite\strings\ctype-gbk.c" "C:\RevoCore\dep\mysqllite\strings\ctype-latin1.c" "C:\RevoCore\dep\mysqllite\strings\ctype-mb.c" "C:\RevoCore\dep\mysqllite\strings\ctype-simple.c" "C:\RevoCore\dep\mysqllite\strings\ctype-tis620.c" "C:\RevoCore\dep\mysqllite\strings\ctype-uca.c" "C:\RevoCore\dep\mysqllite\strings\ctype-ucs2.c" "C:\RevoCore\dep\mysqllite\strings\ctype-utf8.c" "C:\RevoCore\dep\mysqllite\strings\ctype-win1250ch.c" C:\RevoCore\dep\mysqllite\strings\ctype.c C:\RevoCore\dep\mysqllite\strings\decimal.c C:\RevoCore\dep\mysqllite\strings\dtoa.c C:\RevoCore\dep\mysqllite\strings\int2str.c C:\RevoCore\dep\mysqllite\strings\is_prefix.c C:\RevoCore\dep\mysqllite\strings\llstr.c C:\RevoCore\dep\mysqllite\strings\longlong2str.c C:\RevoCore\dep\mysqllite\strings\my_strtoll10.c C:\RevoCore\dep\mysqllite\strings\my_vsnprintf.c C:\RevoCore\dep\mysqllite\strings\str2int.c C:\RevoCore\dep\mysqllite\strings\str_alloc.c C:\RevoCore\dep\mysqllite\strings\strcend.c C:\RevoCore\dep\mysqllite\strings\strend.c C:\RevoCore\dep\mysqllite\strings\strfill.c C:\RevoCore\dep\mysqllite\strings\strmake.c C:\RevoCore\dep\mysqllite\strings\strmov.c C:\RevoCore\dep\mysqllite\strings\strnmov.c C:\RevoCore\dep\mysqllite\strings\strxmov.c C:\RevoCore\dep\mysqllite\strings\strxnmov.c C:\RevoCore\dep\mysqllite\strings\xml.c C:\RevoCore\dep\mysqllite\strings\my_strchr.c C:\RevoCore\dep\mysqllite\strings\strcont.c C:\RevoCore\dep\mysqllite\strings\strappend.c C:\RevoCore\dep\mysqllite\vio\vio.c C:\RevoCore\dep\mysqllite\vio\viosocket.c C:\RevoCore\dep\mysqllite\vio\viossl.c C:\RevoCore\dep\mysqllite\vio\viosslfactories.c  /Zm1000 
         get_password.c
         libmysql.c
         errmsg.c
         client.c
         my_time.c
         client_plugin.c
         pack.c
         password.c
         dbug.c
         array.c
         charset-def.c
         charset.c
         checksum.c
         default.c
         errors.c
         hash.c
         list.c
         md5.c
         mf_cache.c
         mf_dirname.c
         mf_fn_ext.c
         mf_format.c
         mf_getdate.c
         mf_iocache.c
         mf_iocache2.c
         mf_keycache.c
         mf_keycaches.c
         mf_loadpath.c
         mf_pack.c
         mf_path.c
         mf_qsort.c
         mf_qsort2.c
         mf_radix.c
         mf_same.c
         mf_sort.c
         mf_soundex.c
         mf_arr_appstr.c
         mf_tempdir.c
         mf_tempfile.c
         mf_unixpath.c
         mf_wcomp.c
         mulalloc.c
         my_access.c
         my_aes.c
         my_alloc.c
         my_bit.c
         my_bitmap.c
         my_chsize.c
         my_compress.c
         my_copy.c
         my_create.c
         my_delete.c
         my_div.c
         my_error.c
         my_file.c
         my_fopen.c
         my_fstream.c
         my_gethostbyname.c
         my_gethwaddr.c
         my_getopt.c
         my_getsystime.c
         my_getwd.c
         my_handler.c
         my_init.c
         my_lib.c
         my_lock.c
         my_malloc.c
         my_mess.c
         my_mkdir.c
         my_mmap.c
         my_once.c
         my_open.c
         my_pread.c
         my_pthread.c
         my_quick.c
         my_read.c
         my_redel.c
         my_rename.c
         my_seek.c
         my_sleep.c
         my_static.c
         my_symlink.c
         my_symlink2.c
         my_sync.c
         my_thr_init.c
         my_write.c
         ptr_cmp.c
         queues.c
         stacktrace.c
         rijndael.c
         sha1.c
         string.c
         thr_alarm.c
         thr_lock.c
         thr_mutex.c
         thr_rwlock.c
         tree.c
         typelib.c
         base64.c
         my_memmem.c
         my_getpagesize.c
         lf_alloc-pin.c
         lf_dynarray.c
         lf_hash.c
         my_atomic.c
         my_getncpus.c
         my_rdtsc.c
         my_winthread.c
         my_wincond.c
         my_winerr.c
         my_winfile.c
         my_windac.c
         my_conio.c
         bchange.c
         bmove_upp.c
         ctype-big5.c
         ctype-bin.c
         ctype-cp932.c
         ctype-czech.c
         ctype-euc_kr.c
         ctype-extra.c
         ctype-gb2312.c
         ctype-gbk.c
         ctype-latin1.c
         ctype-mb.c
         ctype-simple.c
         ctype-tis620.c
         ctype-uca.c
         ctype-ucs2.c
         ctype-utf8.c
         ctype-win1250ch.c
         ctype.c
         decimal.c
         dtoa.c
         int2str.c
         is_prefix.c
         llstr.c
         longlong2str.c
         my_strtoll10.c
         my_vsnprintf.c
         str2int.c
         str_alloc.c
         strcend.c
         strend.c
         strfill.c
         strmake.c
         strmov.c
         strnmov.c
         strxmov.c
         strxnmov.c
         xml.c
         my_strchr.c
         strcont.c
         strappend.c
         vio.c
         viosocket.c
         viossl.c
         viosslfactories.c
         All outputs are up-to-date.
         C:\Program Files (x86)\Microsoft Visual Studio 10.0\VC\bin\CL.exe /c /I"C:/RevoCore/LATEST BUILD/dep/mysqllite" /I"C:/RevoCore/LATEST BUILD" /I"C:/OpenSSL-Win32/include" /IC:/RevoCore/dep/zlib /IC:/RevoCore/dep/mysqllite/include /IC:/RevoCore/dep/mysqllite/include/internal /IC:/RevoCore/dep/mysqllite/dbug /IC:/RevoCore/dep/mysqllite/strings /IC:/RevoCore/dep/mysqllite/mysys /IC:/RevoCore/dep/mysqllite/libmysql /nologo /W0 /WX- /MP /O2 /Ob2 /Oy- /D WIN32 /D _WINDOWS /D NDEBUG /D "_BUILD_DIRECTIVE=\"Release\"" /D __WIN__ /D _CRT_SECURE_NO_DEPRECATE /D _CRT_SECURE_CPP_OVERLOAD_STANDARD_NAMES /D _CRT_SECURE_NO_WARNINGS /D _CRT_NONSTDC_NO_WARNINGS /D SCRIPTS /D _WIN32_WINNT=0x0501 /D WIN32_LEAN_AND_MEAN /D HAVE_OPENSSL /D DBUG_OFF /D "CMAKE_INTDIR=\"Release\"" /D libmysql_EXPORTS /D _WINDLL /D _MBCS /Gm- /MD /GS /fp:precise /Zc:wchar_t /Zc:forScope /GR /Fo"libmysql.dir\Release\\" /Fd"C:/RevoCore/LATEST BUILD/bin/Release/libmysql.pdb" /Gd /TP /wd4996 /wd4355 /wd4244 /wd4985 /wd4267 /wd4619 /wd4800 /wd4805 /wd4996 /wd4244 /wd4267 /analyze- /errorReport:prompt /we4099 C:\RevoCore\dep\mysqllite\sql\net_serv.cc  /Zm1000 
         net_serv.cc
       ResourceCompile:
         All outputs are up-to-date.
         C:\Program Files (x86)\Microsoft SDKs\Windows\v7.0A\bin\rc.exe /D WIN32 /D _WINDOWS /D NDEBUG /D "_BUILD_DIRECTIVE=\\\"Release\\\"" /D __WIN__ /D _CRT_SECURE_NO_DEPRECATE /D _CRT_SECURE_CPP_OVERLOAD_STANDARD_NAMES /D _CRT_SECURE_NO_WARNINGS /D _CRT_NONSTDC_NO_WARNINGS /D SCRIPTS /D _WIN32_WINNT=0x0501 /D WIN32_LEAN_AND_MEAN /D HAVE_OPENSSL /D DBUG_OFF /D "CMAKE_INTDIR=\\\"Release\\\"" /D libmysql_EXPORTS /l"0x0409" /I"C:/RevoCore/LATEST BUILD/dep/mysqllite" /I"C:/RevoCore/LATEST BUILD" /I"C:/OpenSSL-Win32/include" /IC:/RevoCore/dep/zlib /IC:/RevoCore/dep/mysqllite/include /IC:/RevoCore/dep/mysqllite/include/internal /IC:/RevoCore/dep/mysqllite/dbug /IC:/RevoCore/dep/mysqllite/strings /IC:/RevoCore/dep/mysqllite/mysys /IC:/RevoCore/dep/mysqllite/libmysql /nologo /fo"libmysql.dir\Release\versioninfo_dll.res" "C:\RevoCore\LATEST BUILD\dep\mysqllite\versioninfo_dll.rc" 
       Link:
         C:\Program Files (x86)\Microsoft Visual Studio 10.0\VC\bin\link.exe /ERRORREPORT:PROMPT /OUT:"C:\RevoCore\LATEST BUILD\bin\Release\libmysql.dll" /INCREMENTAL:NO /NOLOGO kernel32.lib user32.lib gdi32.lib winspool.lib shell32.lib ole32.lib oleaut32.lib uuid.lib comdlg32.lib advapi32.lib ..\zlib\Release\zlib.lib "C:\OpenSSL-Win32\lib\VC\ssleay32MD.lib" "C:\OpenSSL-Win32\lib\VC\libeay32MD.lib" "C:\OpenSSL-Win32\lib\VC\libeay32MDd.lib" ws2_32.lib /DEF:"C:/RevoCore/dep/mysqllite/libmysql/libmysql_exports.def" /MANIFEST /ManifestFile:"libmysql.dir\Release\libmysql.dll.intermediate.manifest" /MANIFESTUAC:"level='asInvoker' uiAccess='false'" /PDB:"C:\RevoCore\LATEST BUILD\bin\Release\libmysql.pdb" /SUBSYSTEM:CONSOLE /TLBID:1 /DYNAMICBASE /NXCOMPAT /IMPLIB:"C:/RevoCore/LATEST BUILD/dep/mysqllite/Release/libmysql.lib" /MACHINE:X86 /DLL libmysql.dir\Release\versioninfo_dll.res
         libmysql.dir\Release\get_password.obj
         libmysql.dir\Release\libmysql.obj
         libmysql.dir\Release\errmsg.obj
         libmysql.dir\Release\client.obj
         libmysql.dir\Release\my_time.obj
         libmysql.dir\Release\client_plugin.obj
         libmysql.dir\Release\net_serv.obj
         libmysql.dir\Release\pack.obj
         libmysql.dir\Release\password.obj
         libmysql.dir\Release\dbug.obj
         libmysql.dir\Release\array.obj
         "libmysql.dir\Release\charset-def.obj"
         libmysql.dir\Release\charset.obj
         libmysql.dir\Release\checksum.obj
         libmysql.dir\Release\default.obj
         libmysql.dir\Release\errors.obj
         libmysql.dir\Release\hash.obj
         libmysql.dir\Release\list.obj
         libmysql.dir\Release\md5.obj
         libmysql.dir\Release\mf_cache.obj
         libmysql.dir\Release\mf_dirname.obj
         libmysql.dir\Release\mf_fn_ext.obj
         libmysql.dir\Release\mf_format.obj
         libmysql.dir\Release\mf_getdate.obj
         libmysql.dir\Release\mf_iocache.obj
         libmysql.dir\Release\mf_iocache2.obj
         libmysql.dir\Release\mf_keycache.obj
         libmysql.dir\Release\mf_keycaches.obj
         libmysql.dir\Release\mf_loadpath.obj
         libmysql.dir\Release\mf_pack.obj
         libmysql.dir\Release\mf_path.obj
         libmysql.dir\Release\mf_qsort.obj
         libmysql.dir\Release\mf_qsort2.obj
         libmysql.dir\Release\mf_radix.obj
         libmysql.dir\Release\mf_same.obj
         libmysql.dir\Release\mf_sort.obj
         libmysql.dir\Release\mf_soundex.obj
         libmysql.dir\Release\mf_arr_appstr.obj
         libmysql.dir\Release\mf_tempdir.obj
         libmysql.dir\Release\mf_tempfile.obj
         libmysql.dir\Release\mf_unixpath.obj
         libmysql.dir\Release\mf_wcomp.obj
         libmysql.dir\Release\mulalloc.obj
         libmysql.dir\Release\my_access.obj
         libmysql.dir\Release\my_aes.obj
         libmysql.dir\Release\my_alloc.obj
         libmysql.dir\Release\my_bit.obj
         libmysql.dir\Release\my_bitmap.obj
         libmysql.dir\Release\my_chsize.obj
         libmysql.dir\Release\my_compress.obj
         libmysql.dir\Release\my_copy.obj
         libmysql.dir\Release\my_create.obj
         libmysql.dir\Release\my_delete.obj
         libmysql.dir\Release\my_div.obj
         libmysql.dir\Release\my_error.obj
         libmysql.dir\Release\my_file.obj
         libmysql.dir\Release\my_fopen.obj
         libmysql.dir\Release\my_fstream.obj
         libmysql.dir\Release\my_gethostbyname.obj
         libmysql.dir\Release\my_gethwaddr.obj
         libmysql.dir\Release\my_getopt.obj
         libmysql.dir\Release\my_getsystime.obj
         libmysql.dir\Release\my_getwd.obj
         libmysql.dir\Release\my_handler.obj
         libmysql.dir\Release\my_init.obj
         libmysql.dir\Release\my_lib.obj
         libmysql.dir\Release\my_lock.obj
         libmysql.dir\Release\my_malloc.obj
         libmysql.dir\Release\my_mess.obj
         libmysql.dir\Release\my_mkdir.obj
         libmysql.dir\Release\my_mmap.obj
         libmysql.dir\Release\my_once.obj
         libmysql.dir\Release\my_open.obj
         libmysql.dir\Release\my_pread.obj
         libmysql.dir\Release\my_pthread.obj
         libmysql.dir\Release\my_quick.obj
         libmysql.dir\Release\my_read.obj
         libmysql.dir\Release\my_redel.obj
         libmysql.dir\Release\my_rename.obj
         libmysql.dir\Release\my_seek.obj
         libmysql.dir\Release\my_sleep.obj
         libmysql.dir\Release\my_static.obj
         libmysql.dir\Release\my_symlink.obj
         libmysql.dir\Release\my_symlink2.obj
         libmysql.dir\Release\my_sync.obj
         libmysql.dir\Release\my_thr_init.obj
         libmysql.dir\Release\my_write.obj
         libmysql.dir\Release\ptr_cmp.obj
         libmysql.dir\Release\queues.obj
         libmysql.dir\Release\stacktrace.obj
         libmysql.dir\Release\rijndael.obj
         libmysql.dir\Release\sha1.obj
         libmysql.dir\Release\string.obj
         libmysql.dir\Release\thr_alarm.obj
         libmysql.dir\Release\thr_lock.obj
         libmysql.dir\Release\thr_mutex.obj
         libmysql.dir\Release\thr_rwlock.obj
         libmysql.dir\Release\tree.obj
         libmysql.dir\Release\typelib.obj
         libmysql.dir\Release\base64.obj
         libmysql.dir\Release\my_memmem.obj
         libmysql.dir\Release\my_getpagesize.obj
         "libmysql.dir\Release\lf_alloc-pin.obj"
         libmysql.dir\Release\lf_dynarray.obj
         libmysql.dir\Release\lf_hash.obj
         libmysql.dir\Release\my_atomic.obj
         libmysql.dir\Release\my_getncpus.obj
         libmysql.dir\Release\my_rdtsc.obj
         libmysql.dir\Release\my_winthread.obj
         libmysql.dir\Release\my_wincond.obj
         libmysql.dir\Release\my_winerr.obj
         libmysql.dir\Release\my_winfile.obj
         libmysql.dir\Release\my_windac.obj
         libmysql.dir\Release\my_conio.obj
         libmysql.dir\Release\bchange.obj
         libmysql.dir\Release\bmove_upp.obj
         "libmysql.dir\Release\ctype-big5.obj"
         "libmysql.dir\Release\ctype-bin.obj"
         "libmysql.dir\Release\ctype-cp932.obj"
         "libmysql.dir\Release\ctype-czech.obj"
         "libmysql.dir\Release\ctype-euc_kr.obj"
         "libmysql.dir\Release\ctype-extra.obj"
         "libmysql.dir\Release\ctype-gb2312.obj"
         "libmysql.dir\Release\ctype-gbk.obj"
         "libmysql.dir\Release\ctype-latin1.obj"
         "libmysql.dir\Release\ctype-mb.obj"
         "libmysql.dir\Release\ctype-simple.obj"
         "libmysql.dir\Release\ctype-tis620.obj"
         "libmysql.dir\Release\ctype-uca.obj"
         "libmysql.dir\Release\ctype-ucs2.obj"
         "libmysql.dir\Release\ctype-utf8.obj"
         "libmysql.dir\Release\ctype-win1250ch.obj"
         libmysql.dir\Release\ctype.obj
         libmysql.dir\Release\decimal.obj
         libmysql.dir\Release\dtoa.obj
         libmysql.dir\Release\int2str.obj
         libmysql.dir\Release\is_prefix.obj
         libmysql.dir\Release\llstr.obj
         libmysql.dir\Release\longlong2str.obj
         libmysql.dir\Release\my_strtoll10.obj
         libmysql.dir\Release\my_vsnprintf.obj
         libmysql.dir\Release\str2int.obj
         libmysql.dir\Release\str_alloc.obj
         libmysql.dir\Release\strcend.obj
         libmysql.dir\Release\strend.obj
         libmysql.dir\Release\strfill.obj
         libmysql.dir\Release\strmake.obj
         libmysql.dir\Release\strmov.obj
         libmysql.dir\Release\strnmov.obj
         libmysql.dir\Release\strxmov.obj
         libmysql.dir\Release\strxnmov.obj
         libmysql.dir\Release\xml.obj
         libmysql.dir\Release\my_strchr.obj
         libmysql.dir\Release\strcont.obj
         libmysql.dir\Release\strappend.obj
         libmysql.dir\Release\vio.obj
         libmysql.dir\Release\viosocket.obj
         libmysql.dir\Release\viossl.obj
         libmysql.dir\Release\viosslfactories.obj  /machine:X86 
            Creating library C:/RevoCore/LATEST BUILD/dep/mysqllite/Release/libmysql.lib and object C:/RevoCore/LATEST BUILD/dep/mysqllite/Release/libmysql.exp
         libmysql.vcxproj -> C:\RevoCore\LATEST BUILD\bin\Release\libmysql.dll
       Manifest:
         C:\Program Files (x86)\Microsoft SDKs\Windows\v7.0A\bin\mt.exe /nologo /verbose /outputresource:"C:\RevoCore\LATEST BUILD\bin\Release\libmysql.dll;#2" /manifest libmysql.dir\Release\libmysql.dll.intermediate.manifest
       FinalizeBuildStatus:
         Deleting file "libmysql.dir\Release\libmysql.unsuccessfulbuild".
         Touching "libmysql.dir\Release\libmysql.lastbuildstate".
     1>Done Building Project "C:\RevoCore\LATEST BUILD\dep\mysqllite\libmysql.vcxproj" (build target(s)).

Build succeeded.

Time Elapsed 00:02:04.59
