Build started 3/5/2012 7:50:18 PM.
     1>Project "C:\RevoCore\LATEST BUILD\src\server\worldserver\worldserver.vcxproj" on node 4 (build target(s)).
     1>InitializeBuildStatus:
         Creating "worldserver.dir\Release\worldserver.unsuccessfulbuild" because "AlwaysCreate" was specified.
       CustomBuild:
         All outputs are up-to-date.
       ClCompile:
         All outputs are up-to-date.
         All outputs are up-to-date.
       ResourceCompile:
         All outputs are up-to-date.
       Link:
         C:\Program Files (x86)\Microsoft Visual Studio 10.0\VC\bin\link.exe /ERRORREPORT:PROMPT /OUT:"C:\RevoCore\LATEST BUILD\bin\Release\worldserver.exe" /INCREMENTAL:NO /NOLOGO kernel32.lib user32.lib gdi32.lib winspool.lib shell32.lib ole32.lib oleaut32.lib uuid.lib comdlg32.lib advapi32.lib ..\game\Release\game.lib ..\shared\Release\shared.lib ..\scripts\Release\scripts.lib ..\collision\Release\collision.lib ..\..\..\dep\g3dlite\Release\g3dlib.lib ..\..\..\dep\gsoap\Release\gsoap.lib ..\..\..\dep\acelite\ace\Release\ace.lib ..\..\..\dep\mysqllite\Release\libmysql.lib "C:\OpenSSL-Win32\lib\VC\ssleay32MD.lib" "C:\OpenSSL-Win32\lib\VC\libeay32MD.lib" "C:\OpenSSL-Win32\lib\VC\libeay32MDd.lib" ..\..\..\dep\zlib\Release\zlib.lib ws2_32.lib /MANIFEST /ManifestFile:"worldserver.dir\Release\worldserver.exe.intermediate.manifest" /MANIFESTUAC:"level='asInvoker' uiAccess='false'" /PDB:"C:\RevoCore\LATEST BUILD\bin\Release\worldserver.pdb" /SUBSYSTEM:CONSOLE /STACK:"10000000" /LARGEADDRESSAWARE /TLBID:1 /DYNAMICBASE /NXCOMPAT /IMPLIB:"C:/RevoCore/LATEST BUILD/src/server/worldserver/Release/worldserver.lib" /MACHINE:X86 worldserver.dir\Release\worldserver.res
         worldserver.dir\Release\worldPCH.obj
         worldserver.dir\Release\CliRunnable.obj
         worldserver.dir\Release\RARunnable.obj
         worldserver.dir\Release\RASocket.obj
         worldserver.dir\Release\TCSoap.obj
         worldserver.dir\Release\WorldRunnable.obj
         worldserver.dir\Release\Main.obj
         worldserver.dir\Release\Master.obj
         worldserver.dir\Release\WheatyExceptionReport.obj  /machine:X86 
            Creating library C:/RevoCore/LATEST BUILD/src/server/worldserver/Release/worldserver.lib and object C:/RevoCore/LATEST BUILD/src/server/worldserver/Release/worldserver.exp
         worldserver.vcxproj -> C:\RevoCore\LATEST BUILD\bin\Release\worldserver.exe
       Manifest:
         C:\Program Files (x86)\Microsoft SDKs\Windows\v7.0A\bin\mt.exe /nologo /verbose /outputresource:"C:\RevoCore\LATEST BUILD\bin\Release\worldserver.exe;#1" /manifest worldserver.dir\Release\worldserver.exe.intermediate.manifest
       PostBuildEvent:
         setlocal
         "C:\Program Files (x86)\CMake 2.8\bin\cmake.exe" -E copy C:/RevoCore/src/server/worldserver/worldserver.conf.dist "C:/RevoCore/LATEST BUILD/bin/Release/"
         if %errorlevel% neq 0 goto :cmEnd
         :cmEnd
         endlocal & call :cmErrorLevel %errorlevel% & goto :cmDone
         :cmErrorLevel
         exit /b %1
         :cmDone
         if %errorlevel% neq 0 goto :VCEnd
         :VCEnd
       FinalizeBuildStatus:
         Deleting file "worldserver.dir\Release\worldserver.unsuccessfulbuild".
         Touching "worldserver.dir\Release\worldserver.lastbuildstate".
     1>Done Building Project "C:\RevoCore\LATEST BUILD\src\server\worldserver\worldserver.vcxproj" (build target(s)).

Build succeeded.

Time Elapsed 00:00:05.61
